<?xml version="1.0" encoding="UTF-8"?>
<testsuite xmlns:xsi="http://www.w3.org/2001/XMLSchema-instance" xsi:noNamespaceSchemaLocation="https://maven.apache.org/surefire/maven-surefire-plugin/xsd/surefire-test-report.xsd" name="com.willpower.clap.web.controller.HomeControllerTest" time="18.337" tests="1" errors="1" skipped="0" failures="0">
  <properties>
[...]
</properties>
  <testcase name="login" classname="com.willpower.clap.web.controller.HomeControllerTest" time="0.376">
    <error message="Request processing failed; nested exception is org.apache.shiro.UnavailableSecurityManagerException: No SecurityManager accessible to the calling code, either bound to the org.apache.shiro.util.ThreadContext or as a vm static singleton.  This is an invalid application configuration." type="org.springframework.web.util.NestedServletException">org.springframework.web.util.NestedServletException: Request processing failed; nested exception is org.apache.shiro.UnavailableSecurityManagerException: No SecurityManager accessible to the calling code, either bound to the org.apache.shiro.util.ThreadContext or as a vm static singleton.  This is an invalid application configuration.
	at com.willpower.clap.web.controller.HomeControllerTest.login(HomeControllerTest.java:51)
Caused by: org.apache.shiro.UnavailableSecurityManagerException: No SecurityManager accessible to the calling code, either bound to the org.apache.shiro.util.ThreadContext or as a vm static singleton.  This is an invalid application configuration.
	at com.willpower.clap.web.controller.HomeControllerTest.login(HomeControllerTest.java:51)
</error>
    <system-out><![CDATA[16:43:48,931 |-INFO in ch.qos.logback.classic.LoggerContext[default] - Could NOT find resource [logback-test.xml]
16:43:48,931 |-INFO in ch.qos.logback.classic.LoggerContext[default] - Could NOT find resource [logback.groovy]
16:43:48,931 |-INFO in ch.qos.logback.classic.LoggerContext[default] - Found resource [logback.xml] at [file:/Users/didi/cf-work/workspace/clap/clap-web/target/classes/logback.xml]
16:43:49,112 |-INFO in ch.qos.logback.classic.joran.action.ConfigurationAction - debug attribute not set
16:43:49,119 |-INFO in ch.qos.logback.classic.joran.action.ConfigurationAction - Will scan for changes in [file:/Users/didi/cf-work/workspace/clap/clap-web/target/classes/logback.xml] 
16:43:49,119 |-INFO in ch.qos.logback.classic.joran.action.ConfigurationAction - Setting ReconfigureOnChangeTask scanning period to 3 seconds
16:43:49,120 |-INFO in ch.qos.logback.core.joran.action.AppenderAction - About to instantiate appender of type [ch.qos.logback.core.ConsoleAppender]
16:43:49,123 |-INFO in ch.qos.logback.core.joran.action.AppenderAction - Naming appender as [STDOUT]
16:43:49,131 |-INFO in ch.qos.logback.core.joran.action.NestedComplexPropertyIA - Assuming default type [ch.qos.logback.classic.encoder.PatternLayoutEncoder] for [encoder] property
16:43:49,186 |-INFO in ch.qos.logback.core.joran.action.AppenderAction - About to instantiate appender of type [ch.qos.logback.core.rolling.RollingFileAppender]
16:43:49,190 |-INFO in ch.qos.logback.core.joran.action.AppenderAction - Naming appender as [FILE]
16:43:49,197 |-INFO in c.q.l.core.rolling.TimeBasedRollingPolicy@824208363 - Will use zip compression
16:43:49,199 |-INFO in c.q.l.core.rolling.TimeBasedRollingPolicy@824208363 - Will use the pattern /Users/didi/tmp/logs/clap.%d{yyyy-MM-dd_HH-mm}.log for the active file
16:43:49,203 |-INFO in c.q.l.core.rolling.DefaultTimeBasedFileNamingAndTriggeringPolicy - The date pattern is 'yyyy-MM-dd_HH-mm' from file name pattern '/Users/didi/tmp/logs/clap.%d{yyyy-MM-dd_HH-mm}.log.zip'.
16:43:49,203 |-INFO in c.q.l.core.rolling.DefaultTimeBasedFileNamingAndTriggeringPolicy - Roll-over every minute.
16:43:49,206 |-INFO in c.q.l.core.rolling.DefaultTimeBasedFileNamingAndTriggeringPolicy - Setting initial period to Mon Apr 22 16:31:47 CST 2019
16:43:49,208 |-WARN in ch.qos.logback.core.rolling.RollingFileAppender[FILE] - This appender no longer admits a layout as a sub-component, set an encoder instead.
16:43:49,208 |-WARN in ch.qos.logback.core.rolling.RollingFileAppender[FILE] - To ensure compatibility, wrapping your layout in LayoutWrappingEncoder.
16:43:49,208 |-WARN in ch.qos.logback.core.rolling.RollingFileAppender[FILE] - See also http://logback.qos.ch/codes.html#layoutInsteadOfEncoder for details
16:43:49,210 |-INFO in ch.qos.logback.core.rolling.RollingFileAppender[FILE] - Active log file name: clap.log
16:43:49,210 |-INFO in ch.qos.logback.core.rolling.RollingFileAppender[FILE] - File property is set to [clap.log]
16:43:49,211 |-INFO in ch.qos.logback.classic.joran.action.LevelAction - ROOT level set to DEBUG
16:43:49,211 |-INFO in ch.qos.logback.core.joran.action.AppenderRefAction - Attaching appender named [STDOUT] to Logger[ROOT]
16:43:49,212 |-INFO in ch.qos.logback.core.joran.action.AppenderRefAction - Attaching appender named [FILE] to Logger[ROOT]
16:43:49,212 |-INFO in ch.qos.logback.classic.joran.action.ConfigurationAction - End of configuration.
16:43:49,213 |-INFO in ch.qos.logback.classic.joran.JoranConfigurator@3e77a1ed - Registering current configuration as safe fallback point

2019-04-22 16:43:49.293 [DEBUG] [o.s.t.c.j.SpringJUnit4ClassRunner] SpringJUnit4ClassRunner constructor called with [class com.willpower.clap.web.controller.HomeControllerTest]
2019-04-22 16:43:49.302 [DEBUG] [o.s.test.context.BootstrapUtils] Instantiating CacheAwareContextLoaderDelegate from class [org.springframework.test.context.cache.DefaultCacheAwareContextLoaderDelegate]
2019-04-22 16:43:49.314 [DEBUG] [o.s.test.context.BootstrapUtils] Instantiating BootstrapContext using constructor [public org.springframework.test.context.support.DefaultBootstrapContext(java.lang.Class,org.springframework.test.context.CacheAwareContextLoaderDelegate)]
2019-04-22 16:43:49.344 [DEBUG] [o.s.test.context.BootstrapUtils] Instantiating TestContextBootstrapper for test class [com.willpower.clap.web.controller.HomeControllerTest] from class [org.springframework.boot.test.context.SpringBootTestContextBootstrapper]
2019-04-22 16:43:49.382 [INFO ] [o.s.b.t.c.SpringBootTestContextBootstrapper] Neither @ContextConfiguration nor @ContextHierarchy found for test class [com.willpower.clap.web.controller.HomeControllerTest], using SpringBootContextLoader
2019-04-22 16:43:49.388 [DEBUG] [o.s.t.c.s.AbstractContextLoader] Did not detect default resource location for test class [com.willpower.clap.web.controller.HomeControllerTest]: class path resource [com/willpower/clap/web/controller/HomeControllerTest-context.xml] does not exist
2019-04-22 16:43:49.389 [DEBUG] [o.s.t.c.s.AbstractContextLoader] Did not detect default resource location for test class [com.willpower.clap.web.controller.HomeControllerTest]: class path resource [com/willpower/clap/web/controller/HomeControllerTestContext.groovy] does not exist
2019-04-22 16:43:49.389 [INFO ] [o.s.t.c.s.AbstractContextLoader] Could not detect default resource locations for test class [com.willpower.clap.web.controller.HomeControllerTest]: no resource found for suffixes {-context.xml, Context.groovy}.
2019-04-22 16:43:49.391 [INFO ] [o.s.t.c.s.AnnotationConfigContextLoaderUtils] Could not detect default configuration classes for test class [com.willpower.clap.web.controller.HomeControllerTest]: HomeControllerTest does not declare any static, non-private, non-final, nested classes annotated with @Configuration.
2019-04-22 16:43:49.444 [DEBUG] [o.s.t.c.s.ActiveProfilesUtils] Could not find an 'annotation declaring class' for annotation type [org.springframework.test.context.ActiveProfiles] and class [com.willpower.clap.web.controller.HomeControllerTest]
2019-04-22 16:43:49.603 [DEBUG] [o.s.c.a.ClassPathScanningCandidateComponentProvider] Identified candidate component class: URL [jar:file:/Users/didi/cf-work/workspace/clap/clap-service/target/clap-service-0.0.1-SNAPSHOT.jar!/com/willpower/clap/ServiceApplication.class]
2019-04-22 16:43:49.605 [INFO ] [o.s.b.t.c.SpringBootTestContextBootstrapper] Found @SpringBootConfiguration com.willpower.clap.ServiceApplication for test class com.willpower.clap.web.controller.HomeControllerTest
2019-04-22 16:43:49.745 [DEBUG] [o.s.b.t.c.SpringBootTestContextBootstrapper] @TestExecutionListeners is not present for class [com.willpower.clap.web.controller.HomeControllerTest]: using defaults.
2019-04-22 16:43:49.746 [INFO ] [o.s.b.t.c.SpringBootTestContextBootstrapper] Loaded default TestExecutionListener class names from location [META-INF/spring.factories]: [org.springframework.boot.test.mock.mockito.MockitoTestExecutionListener, org.springframework.boot.test.mock.mockito.ResetMocksTestExecutionListener, org.springframework.boot.test.autoconfigure.restdocs.RestDocsTestExecutionListener, org.springframework.boot.test.autoconfigure.web.client.MockRestServiceServerResetTestExecutionListener, org.springframework.boot.test.autoconfigure.web.servlet.MockMvcPrintOnlyOnFailureTestExecutionListener, org.springframework.boot.test.autoconfigure.web.servlet.WebDriverTestExecutionListener, org.springframework.test.context.web.ServletTestExecutionListener, org.springframework.test.context.support.DirtiesContextBeforeModesTestExecutionListener, org.springframework.test.context.support.DependencyInjectionTestExecutionListener, org.springframework.test.context.support.DirtiesContextTestExecutionListener, org.springframework.test.context.transaction.TransactionalTestExecutionListener, org.springframework.test.context.jdbc.SqlScriptsTestExecutionListener]
2019-04-22 16:43:49.772 [INFO ] [o.s.b.t.c.SpringBootTestContextBootstrapper] Using TestExecutionListeners: [org.springframework.test.context.web.ServletTestExecutionListener@2cf3d63b, org.springframework.test.context.support.DirtiesContextBeforeModesTestExecutionListener@7674f035, org.springframework.boot.test.mock.mockito.MockitoTestExecutionListener@69e153c5, org.springframework.boot.test.autoconfigure.SpringBootDependencyInjectionTestExecutionListener@173ed316, org.springframework.test.context.support.DirtiesContextTestExecutionListener@25ce9dc4, org.springframework.test.context.transaction.TransactionalTestExecutionListener@74ea2410, org.springframework.test.context.jdbc.SqlScriptsTestExecutionListener@17f62e33, org.springframework.boot.test.mock.mockito.ResetMocksTestExecutionListener@76b1e9b8, org.springframework.boot.test.autoconfigure.restdocs.RestDocsTestExecutionListener@27406a17, org.springframework.boot.test.autoconfigure.web.client.MockRestServiceServerResetTestExecutionListener@2af004b, org.springframework.boot.test.autoconfigure.web.servlet.MockMvcPrintOnlyOnFailureTestExecutionListener@248e319b, org.springframework.boot.test.autoconfigure.web.servlet.WebDriverTestExecutionListener@5d0bf09b]
2019-04-22 16:43:49.775 [DEBUG] [o.s.t.a.ProfileValueUtils] Retrieved @ProfileValueSourceConfiguration [null] for test class [com.willpower.clap.web.controller.HomeControllerTest]
2019-04-22 16:43:49.775 [DEBUG] [o.s.t.a.ProfileValueUtils] Retrieved ProfileValueSource type [class org.springframework.test.annotation.SystemProfileValueSource] for class [com.willpower.clap.web.controller.HomeControllerTest]
2019-04-22 16:43:49.777 [DEBUG] [o.s.t.a.ProfileValueUtils] Retrieved @ProfileValueSourceConfiguration [null] for test class [com.willpower.clap.web.controller.HomeControllerTest]
2019-04-22 16:43:49.777 [DEBUG] [o.s.t.a.ProfileValueUtils] Retrieved ProfileValueSource type [class org.springframework.test.annotation.SystemProfileValueSource] for class [com.willpower.clap.web.controller.HomeControllerTest]
2019-04-22 16:43:49.779 [DEBUG] [o.s.t.a.ProfileValueUtils] Retrieved @ProfileValueSourceConfiguration [null] for test class [com.willpower.clap.web.controller.HomeControllerTest]
2019-04-22 16:43:49.781 [DEBUG] [o.s.t.a.ProfileValueUtils] Retrieved ProfileValueSource type [class org.springframework.test.annotation.SystemProfileValueSource] for class [com.willpower.clap.web.controller.HomeControllerTest]
2019-04-22 16:43:49.789 [DEBUG] [o.s.t.c.s.AbstractDirtiesContextTestExecutionListener] Before test class: context [DefaultTestContext@1c5920df testClass = HomeControllerTest, testInstance = [null], testMethod = [null], testException = [null], mergedContextConfiguration = [WebMergedContextConfiguration@17f9d882 testClass = HomeControllerTest, locations = '{}', classes = '{class com.willpower.clap.ServiceApplication}', contextInitializerClasses = '[]', activeProfiles = '{}', propertySourceLocations = '{}', propertySourceProperties = '{org.springframework.boot.test.context.SpringBootTestContextBootstrapper=true, server.port=0}', contextCustomizers = set[org.springframework.boot.test.context.filter.ExcludeFilterContextCustomizer@3911c2a7, org.springframework.boot.test.json.DuplicateJsonObjectContextCustomizerFactory$DuplicateJsonObjectContextCustomizer@76508ed1, org.springframework.boot.test.mock.mockito.MockitoContextCustomizer@0, org.springframework.boot.test.web.client.TestRestTemplateContextCustomizer@50eac852, org.springframework.boot.test.autoconfigure.properties.PropertyMappingContextCustomizer@0, org.springframework.boot.test.autoconfigure.web.servlet.WebDriverContextCustomizerFactory$Customizer@6e171cd7], resourceBasePath = 'src/main/webapp', contextLoader = 'org.springframework.boot.test.context.SpringBootContextLoader', parent = [null]], attributes = map['org.springframework.test.context.web.ServletTestExecutionListener.activateListener' -> false]], class annotated with @DirtiesContext [false] with mode [null].
2019-04-22 16:43:49.792 [DEBUG] [o.s.t.a.ProfileValueUtils] Retrieved @ProfileValueSourceConfiguration [null] for test class [com.willpower.clap.web.controller.HomeControllerTest]
2019-04-22 16:43:49.793 [DEBUG] [o.s.t.a.ProfileValueUtils] Retrieved ProfileValueSource type [class org.springframework.test.annotation.SystemProfileValueSource] for class [com.willpower.clap.web.controller.HomeControllerTest]
2019-04-22 16:43:49.801 [DEBUG] [o.s.t.c.s.DependencyInjectionTestExecutionListener] Performing dependency injection for test context [[DefaultTestContext@1c5920df testClass = HomeControllerTest, testInstance = com.willpower.clap.web.controller.HomeControllerTest@7a35b0f5, testMethod = [null], testException = [null], mergedContextConfiguration = [WebMergedContextConfiguration@17f9d882 testClass = HomeControllerTest, locations = '{}', classes = '{class com.willpower.clap.ServiceApplication}', contextInitializerClasses = '[]', activeProfiles = '{}', propertySourceLocations = '{}', propertySourceProperties = '{org.springframework.boot.test.context.SpringBootTestContextBootstrapper=true, server.port=0}', contextCustomizers = set[org.springframework.boot.test.context.filter.ExcludeFilterContextCustomizer@3911c2a7, org.springframework.boot.test.json.DuplicateJsonObjectContextCustomizerFactory$DuplicateJsonObjectContextCustomizer@76508ed1, org.springframework.boot.test.mock.mockito.MockitoContextCustomizer@0, org.springframework.boot.test.web.client.TestRestTemplateContextCustomizer@50eac852, org.springframework.boot.test.autoconfigure.properties.PropertyMappingContextCustomizer@0, org.springframework.boot.test.autoconfigure.web.servlet.WebDriverContextCustomizerFactory$Customizer@6e171cd7], resourceBasePath = 'src/main/webapp', contextLoader = 'org.springframework.boot.test.context.SpringBootContextLoader', parent = [null]], attributes = map['org.springframework.test.context.web.ServletTestExecutionListener.activateListener' -> false]]].
2019-04-22 16:43:49.820 [DEBUG] [o.s.t.c.s.TestPropertySourceUtils] Adding inlined properties to environment: {spring.jmx.enabled=false, org.springframework.boot.test.context.SpringBootTestContextBootstrapper=true, server.port=0}
2019-04-22 16:43:50.088 [DEBUG] [o.s.b.c.l.ClasspathLoggingApplicationListener] Application started with classpath: [file:/Users/didi/cf-work/workspace/clap/clap-web/target/surefire/surefirebooter3730771382365934699.jar]

  .   ____          _            __ _ _
 /\\ / ___'_ __ _ _(_)_ __  __ _ \ \ \ \
( ( )\___ | '_ | '_| | '_ \/ _` | \ \ \ \
 \\/  ___)| |_)| | | | | || (_| |  ) ) ) )
  '  |____| .__|_| |_|_| |_\__, | / / / /
 =========|_|==============|___/=/_/_/_/
 :: Spring Boot ::        (v2.1.3.RELEASE)

2019-04-22 16:43:50.230 [DEBUG] [o.h.v.m.ResourceBundleMessageInterpolator] Loaded expression factory via original TCCL
2019-04-22 16:43:50.239 [DEBUG] [o.h.v.i.e.ValidatorFactoryImpl] HV000234: Using org.hibernate.validator.messageinterpolation.ResourceBundleMessageInterpolator as ValidatorFactory-scoped message interpolator.
2019-04-22 16:43:50.239 [DEBUG] [o.h.v.i.e.ValidatorFactoryImpl] HV000234: Using org.hibernate.validator.internal.engine.resolver.JPATraversableResolver as ValidatorFactory-scoped traversable resolver.
2019-04-22 16:43:50.241 [DEBUG] [o.h.v.i.e.ValidatorFactoryImpl] HV000234: Using org.hibernate.validator.internal.util.ExecutableParameterNameProvider as ValidatorFactory-scoped parameter name provider.
2019-04-22 16:43:50.242 [DEBUG] [o.h.v.i.e.ValidatorFactoryImpl] HV000234: Using org.hibernate.validator.internal.engine.DefaultClockProvider as ValidatorFactory-scoped clock provider.
2019-04-22 16:43:50.243 [DEBUG] [o.h.v.i.e.ValidatorFactoryImpl] HV000234: Using org.hibernate.validator.internal.engine.scripting.DefaultScriptEvaluatorFactory as ValidatorFactory-scoped script evaluator factory.
2019-04-22 16:43:50.308 [INFO ] [c.w.c.w.c.HomeControllerTest] Starting HomeControllerTest on localhost with PID 53560 (started by didi in /Users/didi/cf-work/workspace/clap/clap-web)
2019-04-22 16:43:50.310 [DEBUG] [c.w.c.w.c.HomeControllerTest] Running with Spring Boot v2.1.3.RELEASE, Spring v5.1.5.RELEASE
2019-04-22 16:43:50.311 [INFO ] [c.w.c.w.c.HomeControllerTest] No active profile set, falling back to default profiles: default
2019-04-22 16:43:50.313 [DEBUG] [o.s.boot.SpringApplication] Loading source class com.willpower.clap.ServiceApplication
2019-04-22 16:43:50.360 [DEBUG] [o.s.b.c.c.ConfigFileApplicationListener] Loaded config file 'file:/Users/didi/cf-work/workspace/clap/clap-web/target/classes/application.properties' (classpath:/application.properties)
2019-04-22 16:43:50.362 [DEBUG] [o.s.b.w.s.c.AnnotationConfigServletWebServerApplicationContext] Refreshing org.springframework.boot.web.servlet.context.AnnotationConfigServletWebServerApplicationContext@1b8a29df
2019-04-22 16:43:50.393 [DEBUG] [o.s.b.f.s.DefaultListableBeanFactory] Creating shared instance of singleton bean 'org.springframework.context.annotation.internalConfigurationAnnotationProcessor'
2019-04-22 16:43:50.539 [DEBUG] [o.s.b.f.s.DefaultListableBeanFactory] Creating shared instance of singleton bean 'org.springframework.boot.autoconfigure.internalCachingMetadataReaderFactory'
2019-04-22 16:43:50.606 [DEBUG] [o.s.c.a.ClassPathBeanDefinitionScanner] Identified candidate component class: file [/Users/didi/cf-work/workspace/clap/clap-web/target/classes/com/willpower/clap/ClapApplication.class]
2019-04-22 16:43:50.608 [DEBUG] [o.s.c.a.ClassPathBeanDefinitionScanner] Identified candidate component class: file [/Users/didi/cf-work/workspace/clap/clap-web/target/classes/com/willpower/clap/web/conf/SpringWebMvcConfig.class]
2019-04-22 16:43:50.609 [DEBUG] [o.s.c.a.ClassPathBeanDefinitionScanner] Identified candidate component class: file [/Users/didi/cf-work/workspace/clap/clap-web/target/classes/com/willpower/clap/web/conf/Swagger2.class]
2019-04-22 16:43:50.612 [DEBUG] [o.s.c.a.ClassPathBeanDefinitionScanner] Identified candidate component class: file [/Users/didi/cf-work/workspace/clap/clap-web/target/classes/com/willpower/clap/web/controller/HomeController.class]
2019-04-22 16:43:50.614 [DEBUG] [o.s.c.a.ClassPathBeanDefinitionScanner] Identified candidate component class: file [/Users/didi/cf-work/workspace/clap/clap-web/target/classes/com/willpower/clap/web/controller/PersonsController.class]
2019-04-22 16:43:50.616 [DEBUG] [o.s.c.a.ClassPathBeanDefinitionScanner] Identified candidate component class: file [/Users/didi/cf-work/workspace/clap/clap-web/target/classes/com/willpower/clap/web/controller/RoleController.class]
2019-04-22 16:43:50.618 [DEBUG] [o.s.c.a.ClassPathBeanDefinitionScanner] Identified candidate component class: file [/Users/didi/cf-work/workspace/clap/clap-web/target/classes/com/willpower/clap/web/controller/UserInfoController.class]
2019-04-22 16:43:50.621 [DEBUG] [o.s.c.a.ClassPathBeanDefinitionScanner] Identified candidate component class: URL [jar:file:/Users/didi/cf-work/workspace/clap/clap-service/target/clap-service-0.0.1-SNAPSHOT.jar!/com/willpower/clap/service/impl/UserInfoServiceImpl.class]
2019-04-22 16:43:50.623 [DEBUG] [o.s.c.a.ClassPathBeanDefinitionScanner] Identified candidate component class: URL [jar:file:/Users/didi/cf-work/workspace/clap/clap-service/target/clap-service-0.0.1-SNAPSHOT.jar!/com/willpower/clap/service/impl/PersonsServiceImpl.class]
2019-04-22 16:43:50.625 [DEBUG] [o.s.c.a.ClassPathBeanDefinitionScanner] Identified candidate component class: URL [jar:file:/Users/didi/cf-work/workspace/clap/clap-service/target/clap-service-0.0.1-SNAPSHOT.jar!/com/willpower/clap/service/impl/RoleServiceImpl.class]
2019-04-22 16:43:50.665 [DEBUG] [o.s.c.a.ClassPathBeanDefinitionScanner] Ignored because not a concrete top-level class: URL [jar:file:/Users/didi/cf-work/workspace/clap/clap-model/target/clap-model-0.0.1-SNAPSHOT.jar!/com/willpower/clap/mapper/SysRoleMapper.class]
2019-04-22 16:43:50.668 [DEBUG] [o.s.c.a.ClassPathBeanDefinitionScanner] Ignored because not a concrete top-level class: URL [jar:file:/Users/didi/cf-work/workspace/clap/clap-model/target/clap-model-0.0.1-SNAPSHOT.jar!/com/willpower/clap/mapper/UserInfoMapper.class]
2019-04-22 16:43:50.686 [DEBUG] [o.s.c.a.ClassPathBeanDefinitionScanner] Identified candidate component class: URL [jar:file:/Users/didi/cf-work/workspace/clap/clap-shiro/target/clap-shiro-0.0.1-SNAPSHOT.jar!/com/willpower/clap/shiro/ShiroConfig.class]
2019-04-22 16:43:50.745 [DEBUG] [o.s.c.a.ClassPathBeanDefinitionScanner] Identified candidate component class: file [/Users/didi/cf-work/workspace/clap/clap-web/target/classes/com/willpower/clap/web/conf/SpringWebMvcConfig.class]
2019-04-22 16:43:50.745 [DEBUG] [o.s.c.a.ClassPathBeanDefinitionScanner] Identified candidate component class: file [/Users/didi/cf-work/workspace/clap/clap-web/target/classes/com/willpower/clap/web/conf/Swagger2.class]
2019-04-22 16:43:50.746 [DEBUG] [o.s.c.a.ClassPathBeanDefinitionScanner] Identified candidate component class: file [/Users/didi/cf-work/workspace/clap/clap-web/target/classes/com/willpower/clap/web/controller/HomeController.class]
2019-04-22 16:43:50.746 [DEBUG] [o.s.c.a.ClassPathBeanDefinitionScanner] Identified candidate component class: file [/Users/didi/cf-work/workspace/clap/clap-web/target/classes/com/willpower/clap/web/controller/PersonsController.class]
2019-04-22 16:43:50.747 [DEBUG] [o.s.c.a.ClassPathBeanDefinitionScanner] Identified candidate component class: file [/Users/didi/cf-work/workspace/clap/clap-web/target/classes/com/willpower/clap/web/controller/RoleController.class]
2019-04-22 16:43:50.747 [DEBUG] [o.s.c.a.ClassPathBeanDefinitionScanner] Identified candidate component class: file [/Users/didi/cf-work/workspace/clap/clap-web/target/classes/com/willpower/clap/web/controller/UserInfoController.class]
2019-04-22 16:43:50.748 [DEBUG] [o.s.c.a.ClassPathBeanDefinitionScanner] Identified candidate component class: URL [jar:file:/Users/didi/cf-work/workspace/clap/clap-service/target/clap-service-0.0.1-SNAPSHOT.jar!/com/willpower/clap/ServiceApplication.class]
2019-04-22 16:43:50.749 [DEBUG] [o.s.c.a.ClassPathBeanDefinitionScanner] Identified candidate component class: URL [jar:file:/Users/didi/cf-work/workspace/clap/clap-service/target/clap-service-0.0.1-SNAPSHOT.jar!/com/willpower/clap/service/impl/UserInfoServiceImpl.class]
2019-04-22 16:43:50.750 [DEBUG] [o.s.c.a.ClassPathBeanDefinitionScanner] Identified candidate component class: URL [jar:file:/Users/didi/cf-work/workspace/clap/clap-service/target/clap-service-0.0.1-SNAPSHOT.jar!/com/willpower/clap/service/impl/PersonsServiceImpl.class]
2019-04-22 16:43:50.750 [DEBUG] [o.s.c.a.ClassPathBeanDefinitionScanner] Identified candidate component class: URL [jar:file:/Users/didi/cf-work/workspace/clap/clap-service/target/clap-service-0.0.1-SNAPSHOT.jar!/com/willpower/clap/service/impl/RoleServiceImpl.class]
2019-04-22 16:43:50.751 [DEBUG] [o.s.c.a.ClassPathBeanDefinitionScanner] Ignored because not a concrete top-level class: URL [jar:file:/Users/didi/cf-work/workspace/clap/clap-model/target/clap-model-0.0.1-SNAPSHOT.jar!/com/willpower/clap/mapper/SysRoleMapper.class]
2019-04-22 16:43:50.751 [DEBUG] [o.s.c.a.ClassPathBeanDefinitionScanner] Ignored because not a concrete top-level class: URL [jar:file:/Users/didi/cf-work/workspace/clap/clap-model/target/clap-model-0.0.1-SNAPSHOT.jar!/com/willpower/clap/mapper/UserInfoMapper.class]
2019-04-22 16:43:50.752 [DEBUG] [o.s.c.a.ClassPathBeanDefinitionScanner] Identified candidate component class: URL [jar:file:/Users/didi/cf-work/workspace/clap/clap-shiro/target/clap-shiro-0.0.1-SNAPSHOT.jar!/com/willpower/clap/shiro/ShiroConfig.class]
2019-04-22 16:43:50.834 [DEBUG] [o.s.c.a.ClassPathBeanDefinitionScanner] Identified candidate component class: URL [jar:file:/Users/didi/.m2/repository/io/springfox/springfox-swagger2/2.6.1/springfox-swagger2-2.6.1.jar!/springfox/documentation/swagger2/web/Swagger2Controller.class]
2019-04-22 16:43:50.884 [DEBUG] [o.s.c.a.ClassPathBeanDefinitionScanner] Identified candidate component class: URL [jar:file:/Users/didi/.m2/repository/io/springfox/springfox-swagger2/2.6.1/springfox-swagger2-2.6.1.jar!/springfox/documentation/swagger2/mappers/LicenseMapperImpl.class]
2019-04-22 16:43:50.891 [DEBUG] [o.s.c.a.ClassPathBeanDefinitionScanner] Identified candidate component class: URL [jar:file:/Users/didi/.m2/repository/io/springfox/springfox-swagger2/2.6.1/springfox-swagger2-2.6.1.jar!/springfox/documentation/swagger2/mappers/ModelMapperImpl.class]
2019-04-22 16:43:50.893 [DEBUG] [o.s.c.a.ClassPathBeanDefinitionScanner] Identified candidate component class: URL [jar:file:/Users/didi/.m2/repository/io/springfox/springfox-swagger2/2.6.1/springfox-swagger2-2.6.1.jar!/springfox/documentation/swagger2/mappers/ParameterMapperImpl.class]
2019-04-22 16:43:50.903 [DEBUG] [o.s.c.a.ClassPathBeanDefinitionScanner] Identified candidate component class: URL [jar:file:/Users/didi/.m2/repository/io/springfox/springfox-swagger2/2.6.1/springfox-swagger2-2.6.1.jar!/springfox/documentation/swagger2/mappers/SecurityMapperImpl.class]
2019-04-22 16:43:50.915 [DEBUG] [o.s.c.a.ClassPathBeanDefinitionScanner] Identified candidate component class: URL [jar:file:/Users/didi/.m2/repository/io/springfox/springfox-swagger2/2.6.1/springfox-swagger2-2.6.1.jar!/springfox/documentation/swagger2/mappers/ServiceModelToSwagger2MapperImpl.class]
2019-04-22 16:43:50.918 [DEBUG] [o.s.c.a.ClassPathBeanDefinitionScanner] Identified candidate component class: URL [jar:file:/Users/didi/.m2/repository/io/springfox/springfox-swagger2/2.6.1/springfox-swagger2-2.6.1.jar!/springfox/documentation/swagger2/mappers/VendorExtensionsMapperImpl.class]
2019-04-22 16:43:50.964 [DEBUG] [o.s.c.a.ClassPathBeanDefinitionScanner] Identified candidate component class: URL [jar:file:/Users/didi/.m2/repository/io/springfox/springfox-spring-web/2.6.1/springfox-spring-web-2.6.1.jar!/springfox/documentation/spring/web/scanners/ApiDescriptionLookup.class]
2019-04-22 16:43:50.965 [DEBUG] [o.s.c.a.ClassPathBeanDefinitionScanner] Identified candidate component class: URL [jar:file:/Users/didi/.m2/repository/io/springfox/springfox-spring-web/2.6.1/springfox-spring-web-2.6.1.jar!/springfox/documentation/spring/web/scanners/ApiDescriptionReader.class]
2019-04-22 16:43:50.966 [DEBUG] [o.s.c.a.ClassPathBeanDefinitionScanner] Identified candidate component class: URL [jar:file:/Users/didi/.m2/repository/io/springfox/springfox-spring-web/2.6.1/springfox-spring-web-2.6.1.jar!/springfox/documentation/spring/web/scanners/ApiDocumentationScanner.class]
2019-04-22 16:43:50.967 [DEBUG] [o.s.c.a.ClassPathBeanDefinitionScanner] Identified candidate component class: URL [jar:file:/Users/didi/.m2/repository/io/springfox/springfox-spring-web/2.6.1/springfox-spring-web-2.6.1.jar!/springfox/documentation/spring/web/scanners/ApiListingReader.class]
2019-04-22 16:43:50.968 [DEBUG] [o.s.c.a.ClassPathBeanDefinitionScanner] Identified candidate component class: URL [jar:file:/Users/didi/.m2/repository/io/springfox/springfox-spring-web/2.6.1/springfox-spring-web-2.6.1.jar!/springfox/documentation/spring/web/scanners/ApiListingReferenceScanner.class]
2019-04-22 16:43:50.969 [DEBUG] [o.s.c.a.ClassPathBeanDefinitionScanner] Identified candidate component class: URL [jar:file:/Users/didi/.m2/repository/io/springfox/springfox-spring-web/2.6.1/springfox-spring-web-2.6.1.jar!/springfox/documentation/spring/web/scanners/ApiListingScanner.class]
2019-04-22 16:43:50.970 [DEBUG] [o.s.c.a.ClassPathBeanDefinitionScanner] Identified candidate component class: URL [jar:file:/Users/didi/.m2/repository/io/springfox/springfox-spring-web/2.6.1/springfox-spring-web-2.6.1.jar!/springfox/documentation/spring/web/scanners/ApiModelReader.class]
2019-04-22 16:43:50.972 [DEBUG] [o.s.c.a.ClassPathBeanDefinitionScanner] Identified candidate component class: URL [jar:file:/Users/didi/.m2/repository/io/springfox/springfox-spring-web/2.6.1/springfox-spring-web-2.6.1.jar!/springfox/documentation/spring/web/scanners/CachingOperationReader.class]
2019-04-22 16:43:50.972 [DEBUG] [o.s.c.a.ClassPathBeanDefinitionScanner] Identified candidate component class: URL [jar:file:/Users/didi/.m2/repository/io/springfox/springfox-spring-web/2.6.1/springfox-spring-web-2.6.1.jar!/springfox/documentation/spring/web/scanners/MediaTypeReader.class]
2019-04-22 16:43:50.987 [DEBUG] [o.s.c.a.ClassPathBeanDefinitionScanner] Identified candidate component class: URL [jar:file:/Users/didi/.m2/repository/io/springfox/springfox-spring-web/2.6.1/springfox-spring-web-2.6.1.jar!/springfox/documentation/spring/web/readers/operation/ApiOperationReader.class]
2019-04-22 16:43:50.988 [DEBUG] [o.s.c.a.ClassPathBeanDefinitionScanner] Identified candidate component class: URL [jar:file:/Users/didi/.m2/repository/io/springfox/springfox-spring-web/2.6.1/springfox-spring-web-2.6.1.jar!/springfox/documentation/spring/web/readers/operation/CachingOperationNameGenerator.class]
2019-04-22 16:43:50.988 [DEBUG] [o.s.c.a.ClassPathBeanDefinitionScanner] Identified candidate component class: URL [jar:file:/Users/didi/.m2/repository/io/springfox/springfox-spring-web/2.6.1/springfox-spring-web-2.6.1.jar!/springfox/documentation/spring/web/readers/operation/DefaultOperationReader.class]
2019-04-22 16:43:50.990 [DEBUG] [o.s.c.a.ClassPathBeanDefinitionScanner] Identified candidate component class: URL [jar:file:/Users/didi/.m2/repository/io/springfox/springfox-spring-web/2.6.1/springfox-spring-web-2.6.1.jar!/springfox/documentation/spring/web/readers/operation/DefaultTagsProvider.class]
2019-04-22 16:43:50.993 [DEBUG] [o.s.c.a.ClassPathBeanDefinitionScanner] Identified candidate component class: URL [jar:file:/Users/didi/.m2/repository/io/springfox/springfox-spring-web/2.6.1/springfox-spring-web-2.6.1.jar!/springfox/documentation/spring/web/readers/operation/OperationDeprecatedReader.class]
2019-04-22 16:43:50.994 [DEBUG] [o.s.c.a.ClassPathBeanDefinitionScanner] Identified candidate component class: URL [jar:file:/Users/didi/.m2/repository/io/springfox/springfox-spring-web/2.6.1/springfox-spring-web-2.6.1.jar!/springfox/documentation/spring/web/readers/operation/OperationModelsProvider.class]
2019-04-22 16:43:50.995 [DEBUG] [o.s.c.a.ClassPathBeanDefinitionScanner] Identified candidate component class: URL [jar:file:/Users/didi/.m2/repository/io/springfox/springfox-spring-web/2.6.1/springfox-spring-web-2.6.1.jar!/springfox/documentation/spring/web/readers/operation/OperationParameterHeadersConditionReader.class]
2019-04-22 16:43:50.996 [DEBUG] [o.s.c.a.ClassPathBeanDefinitionScanner] Identified candidate component class: URL [jar:file:/Users/didi/.m2/repository/io/springfox/springfox-spring-web/2.6.1/springfox-spring-web-2.6.1.jar!/springfox/documentation/spring/web/readers/operation/OperationParameterReader.class]
2019-04-22 16:43:50.997 [DEBUG] [o.s.c.a.ClassPathBeanDefinitionScanner] Identified candidate component class: URL [jar:file:/Users/didi/.m2/repository/io/springfox/springfox-spring-web/2.6.1/springfox-spring-web-2.6.1.jar!/springfox/documentation/spring/web/readers/operation/OperationParameterRequestConditionReader.class]
2019-04-22 16:43:51.001 [DEBUG] [o.s.c.a.ClassPathBeanDefinitionScanner] Identified candidate component class: URL [jar:file:/Users/didi/.m2/repository/io/springfox/springfox-spring-web/2.6.1/springfox-spring-web-2.6.1.jar!/springfox/documentation/spring/web/readers/operation/OperationResponseClassReader.class]
2019-04-22 16:43:51.001 [DEBUG] [o.s.c.a.ClassPathBeanDefinitionScanner] Identified candidate component class: URL [jar:file:/Users/didi/.m2/repository/io/springfox/springfox-spring-web/2.6.1/springfox-spring-web-2.6.1.jar!/springfox/documentation/spring/web/readers/operation/OperationTagsReader.class]
2019-04-22 16:43:51.002 [DEBUG] [o.s.c.a.ClassPathBeanDefinitionScanner] Identified candidate component class: URL [jar:file:/Users/didi/.m2/repository/io/springfox/springfox-spring-web/2.6.1/springfox-spring-web-2.6.1.jar!/springfox/documentation/spring/web/readers/operation/ResponseMessagesReader.class]
2019-04-22 16:43:51.006 [DEBUG] [o.s.c.a.ClassPathBeanDefinitionScanner] Identified candidate component class: URL [jar:file:/Users/didi/.m2/repository/io/springfox/springfox-spring-web/2.6.1/springfox-spring-web-2.6.1.jar!/springfox/documentation/spring/web/readers/parameter/ExpandedParameterBuilder.class]
2019-04-22 16:43:51.010 [DEBUG] [o.s.c.a.ClassPathBeanDefinitionScanner] Identified candidate component class: URL [jar:file:/Users/didi/.m2/repository/io/springfox/springfox-spring-web/2.6.1/springfox-spring-web-2.6.1.jar!/springfox/documentation/spring/web/readers/parameter/ModelAttributeParameterExpander.class]
2019-04-22 16:43:51.011 [DEBUG] [o.s.c.a.ClassPathBeanDefinitionScanner] Identified candidate component class: URL [jar:file:/Users/didi/.m2/repository/io/springfox/springfox-spring-web/2.6.1/springfox-spring-web-2.6.1.jar!/springfox/documentation/spring/web/readers/parameter/ParameterDataTypeReader.class]
2019-04-22 16:43:51.012 [DEBUG] [o.s.c.a.ClassPathBeanDefinitionScanner] Identified candidate component class: URL [jar:file:/Users/didi/.m2/repository/io/springfox/springfox-spring-web/2.6.1/springfox-spring-web-2.6.1.jar!/springfox/documentation/spring/web/readers/parameter/ParameterDefaultReader.class]
2019-04-22 16:43:51.012 [DEBUG] [o.s.c.a.ClassPathBeanDefinitionScanner] Identified candidate component class: URL [jar:file:/Users/didi/.m2/repository/io/springfox/springfox-spring-web/2.6.1/springfox-spring-web-2.6.1.jar!/springfox/documentation/spring/web/readers/parameter/ParameterMultiplesReader.class]
2019-04-22 16:43:51.014 [DEBUG] [o.s.c.a.ClassPathBeanDefinitionScanner] Identified candidate component class: URL [jar:file:/Users/didi/.m2/repository/io/springfox/springfox-spring-web/2.6.1/springfox-spring-web-2.6.1.jar!/springfox/documentation/spring/web/readers/parameter/ParameterNameReader.class]
2019-04-22 16:43:51.014 [DEBUG] [o.s.c.a.ClassPathBeanDefinitionScanner] Identified candidate component class: URL [jar:file:/Users/didi/.m2/repository/io/springfox/springfox-spring-web/2.6.1/springfox-spring-web-2.6.1.jar!/springfox/documentation/spring/web/readers/parameter/ParameterRequiredReader.class]
2019-04-22 16:43:51.015 [DEBUG] [o.s.c.a.ClassPathBeanDefinitionScanner] Identified candidate component class: URL [jar:file:/Users/didi/.m2/repository/io/springfox/springfox-spring-web/2.6.1/springfox-spring-web-2.6.1.jar!/springfox/documentation/spring/web/readers/parameter/ParameterTypeReader.class]
2019-04-22 16:43:51.019 [DEBUG] [o.s.c.a.ClassPathBeanDefinitionScanner] Identified candidate component class: URL [jar:file:/Users/didi/.m2/repository/io/springfox/springfox-spring-web/2.6.1/springfox-spring-web-2.6.1.jar!/springfox/documentation/spring/web/plugins/DocumentationPluginsBootstrapper.class]
2019-04-22 16:43:51.021 [DEBUG] [o.s.c.a.ClassPathBeanDefinitionScanner] Identified candidate component class: URL [jar:file:/Users/didi/.m2/repository/io/springfox/springfox-spring-web/2.6.1/springfox-spring-web-2.6.1.jar!/springfox/documentation/spring/web/plugins/DocumentationPluginsManager.class]
2019-04-22 16:43:51.028 [DEBUG] [o.s.c.a.ClassPathBeanDefinitionScanner] Identified candidate component class: URL [jar:file:/Users/didi/.m2/repository/io/springfox/springfox-spring-web/2.6.1/springfox-spring-web-2.6.1.jar!/springfox/documentation/spring/web/plugins/WebMvcRequestHandlerProvider.class]
2019-04-22 16:43:51.031 [DEBUG] [o.s.c.a.ClassPathBeanDefinitionScanner] Identified candidate component class: URL [jar:file:/Users/didi/.m2/repository/io/springfox/springfox-spring-web/2.6.1/springfox-spring-web-2.6.1.jar!/springfox/documentation/spring/web/paths/OperationPathDecorator.class]
2019-04-22 16:43:51.032 [DEBUG] [o.s.c.a.ClassPathBeanDefinitionScanner] Identified candidate component class: URL [jar:file:/Users/didi/.m2/repository/io/springfox/springfox-spring-web/2.6.1/springfox-spring-web-2.6.1.jar!/springfox/documentation/spring/web/paths/PathMappingDecorator.class]
2019-04-22 16:43:51.033 [DEBUG] [o.s.c.a.ClassPathBeanDefinitionScanner] Identified candidate component class: URL [jar:file:/Users/didi/.m2/repository/io/springfox/springfox-spring-web/2.6.1/springfox-spring-web-2.6.1.jar!/springfox/documentation/spring/web/paths/PathSanitizer.class]
2019-04-22 16:43:51.035 [DEBUG] [o.s.c.a.ClassPathBeanDefinitionScanner] Identified candidate component class: URL [jar:file:/Users/didi/.m2/repository/io/springfox/springfox-spring-web/2.6.1/springfox-spring-web-2.6.1.jar!/springfox/documentation/spring/web/paths/QueryStringUriTemplateDecorator.class]
2019-04-22 16:43:51.106 [DEBUG] [o.s.c.a.ClassPathBeanDefinitionScanner] Identified candidate component class: URL [jar:file:/Users/didi/.m2/repository/io/springfox/springfox-schema/2.6.1/springfox-schema-2.6.1.jar!/springfox/documentation/schema/CachingModelDependencyProvider.class]
2019-04-22 16:43:51.107 [DEBUG] [o.s.c.a.ClassPathBeanDefinitionScanner] Identified candidate component class: URL [jar:file:/Users/didi/.m2/repository/io/springfox/springfox-schema/2.6.1/springfox-schema-2.6.1.jar!/springfox/documentation/schema/CachingModelProvider.class]
2019-04-22 16:43:51.111 [DEBUG] [o.s.c.a.ClassPathBeanDefinitionScanner] Identified candidate component class: URL [jar:file:/Users/didi/.m2/repository/io/springfox/springfox-schema/2.6.1/springfox-schema-2.6.1.jar!/springfox/documentation/schema/DefaultModelDependencyProvider.class]
2019-04-22 16:43:51.112 [DEBUG] [o.s.c.a.ClassPathBeanDefinitionScanner] Identified candidate component class: URL [jar:file:/Users/didi/.m2/repository/io/springfox/springfox-schema/2.6.1/springfox-schema-2.6.1.jar!/springfox/documentation/schema/DefaultModelProvider.class]
2019-04-22 16:43:51.115 [DEBUG] [o.s.c.a.ClassPathBeanDefinitionScanner] Identified candidate component class: URL [jar:file:/Users/didi/.m2/repository/io/springfox/springfox-schema/2.6.1/springfox-schema-2.6.1.jar!/springfox/documentation/schema/plugins/SchemaPluginsManager.class]
2019-04-22 16:43:51.117 [DEBUG] [o.s.c.a.ClassPathBeanDefinitionScanner] Identified candidate component class: URL [jar:file:/Users/didi/.m2/repository/io/springfox/springfox-schema/2.6.1/springfox-schema-2.6.1.jar!/springfox/documentation/schema/property/bean/AccessorsProvider.class]
2019-04-22 16:43:51.119 [DEBUG] [o.s.c.a.ClassPathBeanDefinitionScanner] Identified candidate component class: URL [jar:file:/Users/didi/.m2/repository/io/springfox/springfox-schema/2.6.1/springfox-schema-2.6.1.jar!/springfox/documentation/schema/property/CachingModelPropertiesProvider.class]
2019-04-22 16:43:51.120 [DEBUG] [o.s.c.a.ClassPathBeanDefinitionScanner] Identified candidate component class: URL [jar:file:/Users/didi/.m2/repository/io/springfox/springfox-schema/2.6.1/springfox-schema-2.6.1.jar!/springfox/documentation/schema/property/FactoryMethodProvider.class]
2019-04-22 16:43:51.121 [DEBUG] [o.s.c.a.ClassPathBeanDefinitionScanner] Identified candidate component class: URL [jar:file:/Users/didi/.m2/repository/io/springfox/springfox-schema/2.6.1/springfox-schema-2.6.1.jar!/springfox/documentation/schema/property/field/FieldProvider.class]
2019-04-22 16:43:51.123 [DEBUG] [o.s.c.a.ClassPathBeanDefinitionScanner] Identified candidate component class: URL [jar:file:/Users/didi/.m2/repository/io/springfox/springfox-schema/2.6.1/springfox-schema-2.6.1.jar!/springfox/documentation/schema/property/ObjectMapperBeanPropertyNamingStrategy.class]
2019-04-22 16:43:51.127 [DEBUG] [o.s.c.a.ClassPathBeanDefinitionScanner] Identified candidate component class: URL [jar:file:/Users/didi/.m2/repository/io/springfox/springfox-schema/2.6.1/springfox-schema-2.6.1.jar!/springfox/documentation/schema/property/OptimizedModelPropertiesProvider.class]
2019-04-22 16:43:51.128 [DEBUG] [o.s.c.a.ClassPathBeanDefinitionScanner] Identified candidate component class: URL [jar:file:/Users/didi/.m2/repository/io/springfox/springfox-schema/2.6.1/springfox-schema-2.6.1.jar!/springfox/documentation/schema/TypeNameExtractor.class]
2019-04-22 16:43:51.167 [DEBUG] [o.s.c.a.ClassPathBeanDefinitionScanner] Identified candidate component class: URL [jar:file:/Users/didi/.m2/repository/io/springfox/springfox-swagger-common/2.6.1/springfox-swagger-common-2.6.1.jar!/springfox/documentation/swagger/schema/ApiModelBuilder.class]
2019-04-22 16:43:51.170 [DEBUG] [o.s.c.a.ClassPathBeanDefinitionScanner] Identified candidate component class: URL [jar:file:/Users/didi/.m2/repository/io/springfox/springfox-swagger-common/2.6.1/springfox-swagger-common-2.6.1.jar!/springfox/documentation/swagger/schema/ApiModelPropertyPropertyBuilder.class]
2019-04-22 16:43:51.171 [DEBUG] [o.s.c.a.ClassPathBeanDefinitionScanner] Identified candidate component class: URL [jar:file:/Users/didi/.m2/repository/io/springfox/springfox-swagger-common/2.6.1/springfox-swagger-common-2.6.1.jar!/springfox/documentation/swagger/schema/ApiModelTypeNameProvider.class]
2019-04-22 16:43:51.175 [DEBUG] [o.s.c.a.ClassPathBeanDefinitionScanner] Identified candidate component class: URL [jar:file:/Users/didi/.m2/repository/io/springfox/springfox-swagger-common/2.6.1/springfox-swagger-common-2.6.1.jar!/springfox/documentation/swagger/readers/operation/OperationAuthReader.class]
2019-04-22 16:43:51.176 [DEBUG] [o.s.c.a.ClassPathBeanDefinitionScanner] Identified candidate component class: URL [jar:file:/Users/didi/.m2/repository/io/springfox/springfox-swagger-common/2.6.1/springfox-swagger-common-2.6.1.jar!/springfox/documentation/swagger/readers/operation/OperationHiddenReader.class]
2019-04-22 16:43:51.177 [DEBUG] [o.s.c.a.ClassPathBeanDefinitionScanner] Identified candidate component class: URL [jar:file:/Users/didi/.m2/repository/io/springfox/springfox-swagger-common/2.6.1/springfox-swagger-common-2.6.1.jar!/springfox/documentation/swagger/readers/operation/OperationHttpMethodReader.class]
2019-04-22 16:43:51.179 [DEBUG] [o.s.c.a.ClassPathBeanDefinitionScanner] Identified candidate component class: URL [jar:file:/Users/didi/.m2/repository/io/springfox/springfox-swagger-common/2.6.1/springfox-swagger-common-2.6.1.jar!/springfox/documentation/swagger/readers/operation/OperationImplicitParameterReader.class]
2019-04-22 16:43:51.180 [DEBUG] [o.s.c.a.ClassPathBeanDefinitionScanner] Identified candidate component class: URL [jar:file:/Users/didi/.m2/repository/io/springfox/springfox-swagger-common/2.6.1/springfox-swagger-common-2.6.1.jar!/springfox/documentation/swagger/readers/operation/OperationImplicitParametersReader.class]
2019-04-22 16:43:51.181 [DEBUG] [o.s.c.a.ClassPathBeanDefinitionScanner] Identified candidate component class: URL [jar:file:/Users/didi/.m2/repository/io/springfox/springfox-swagger-common/2.6.1/springfox-swagger-common-2.6.1.jar!/springfox/documentation/swagger/readers/operation/OperationNicknameIntoUniqueIdReader.class]
2019-04-22 16:43:51.182 [DEBUG] [o.s.c.a.ClassPathBeanDefinitionScanner] Identified candidate component class: URL [jar:file:/Users/didi/.m2/repository/io/springfox/springfox-swagger-common/2.6.1/springfox-swagger-common-2.6.1.jar!/springfox/documentation/swagger/readers/operation/OperationNotesReader.class]
2019-04-22 16:43:51.184 [DEBUG] [o.s.c.a.ClassPathBeanDefinitionScanner] Identified candidate component class: URL [jar:file:/Users/didi/.m2/repository/io/springfox/springfox-swagger-common/2.6.1/springfox-swagger-common-2.6.1.jar!/springfox/documentation/swagger/readers/operation/OperationPositionReader.class]
2019-04-22 16:43:51.185 [DEBUG] [o.s.c.a.ClassPathBeanDefinitionScanner] Identified candidate component class: URL [jar:file:/Users/didi/.m2/repository/io/springfox/springfox-swagger-common/2.6.1/springfox-swagger-common-2.6.1.jar!/springfox/documentation/swagger/readers/operation/OperationSummaryReader.class]
2019-04-22 16:43:51.186 [DEBUG] [o.s.c.a.ClassPathBeanDefinitionScanner] Identified candidate component class: URL [jar:file:/Users/didi/.m2/repository/io/springfox/springfox-swagger-common/2.6.1/springfox-swagger-common-2.6.1.jar!/springfox/documentation/swagger/readers/operation/SwaggerMediaTypeReader.class]
2019-04-22 16:43:51.187 [DEBUG] [o.s.c.a.ClassPathBeanDefinitionScanner] Identified candidate component class: URL [jar:file:/Users/didi/.m2/repository/io/springfox/springfox-swagger-common/2.6.1/springfox-swagger-common-2.6.1.jar!/springfox/documentation/swagger/readers/operation/SwaggerOperationModelsProvider.class]
2019-04-22 16:43:51.188 [DEBUG] [o.s.c.a.ClassPathBeanDefinitionScanner] Identified candidate component class: URL [jar:file:/Users/didi/.m2/repository/io/springfox/springfox-swagger-common/2.6.1/springfox-swagger-common-2.6.1.jar!/springfox/documentation/swagger/readers/operation/SwaggerOperationResponseClassReader.class]
2019-04-22 16:43:51.191 [DEBUG] [o.s.c.a.ClassPathBeanDefinitionScanner] Identified candidate component class: URL [jar:file:/Users/didi/.m2/repository/io/springfox/springfox-swagger-common/2.6.1/springfox-swagger-common-2.6.1.jar!/springfox/documentation/swagger/readers/operation/SwaggerOperationTagsReader.class]
2019-04-22 16:43:51.191 [DEBUG] [o.s.c.a.ClassPathBeanDefinitionScanner] Identified candidate component class: URL [jar:file:/Users/didi/.m2/repository/io/springfox/springfox-swagger-common/2.6.1/springfox-swagger-common-2.6.1.jar!/springfox/documentation/swagger/readers/operation/SwaggerResponseMessageReader.class]
2019-04-22 16:43:51.192 [DEBUG] [o.s.c.a.ClassPathBeanDefinitionScanner] Identified candidate component class: URL [jar:file:/Users/didi/.m2/repository/io/springfox/springfox-swagger-common/2.6.1/springfox-swagger-common-2.6.1.jar!/springfox/documentation/swagger/readers/operation/VendorExtensionsReader.class]
2019-04-22 16:43:51.193 [DEBUG] [o.s.c.a.ClassPathBeanDefinitionScanner] Identified candidate component class: URL [jar:file:/Users/didi/.m2/repository/io/springfox/springfox-swagger-common/2.6.1/springfox-swagger-common-2.6.1.jar!/springfox/documentation/swagger/readers/parameter/ApiParamParameterBuilder.class]
2019-04-22 16:43:51.195 [DEBUG] [o.s.c.a.ClassPathBeanDefinitionScanner] Identified candidate component class: URL [jar:file:/Users/didi/.m2/repository/io/springfox/springfox-swagger-common/2.6.1/springfox-swagger-common-2.6.1.jar!/springfox/documentation/swagger/readers/parameter/SwaggerExpandedParameterBuilder.class]
2019-04-22 16:43:51.200 [DEBUG] [o.s.c.a.ClassPathBeanDefinitionScanner] Identified candidate component class: URL [jar:file:/Users/didi/.m2/repository/io/springfox/springfox-swagger-common/2.6.1/springfox-swagger-common-2.6.1.jar!/springfox/documentation/swagger/web/ApiResourceController.class]
2019-04-22 16:43:51.205 [DEBUG] [o.s.c.a.ClassPathBeanDefinitionScanner] Identified candidate component class: URL [jar:file:/Users/didi/.m2/repository/io/springfox/springfox-swagger-common/2.6.1/springfox-swagger-common-2.6.1.jar!/springfox/documentation/swagger/web/ClassOrApiAnnotationResourceGrouping.class]
2019-04-22 16:43:51.207 [DEBUG] [o.s.c.a.ClassPathBeanDefinitionScanner] Identified candidate component class: URL [jar:file:/Users/didi/.m2/repository/io/springfox/springfox-swagger-common/2.6.1/springfox-swagger-common-2.6.1.jar!/springfox/documentation/swagger/web/InMemorySwaggerResourcesProvider.class]
2019-04-22 16:43:51.216 [DEBUG] [o.s.c.a.ClassPathBeanDefinitionScanner] Identified candidate component class: URL [jar:file:/Users/didi/.m2/repository/io/springfox/springfox-swagger-common/2.6.1/springfox-swagger-common-2.6.1.jar!/springfox/documentation/swagger/web/SwaggerApiListingReader.class]
2019-04-22 16:43:51.655 [DEBUG] [o.s.c.e.PropertySourcesPropertyResolver] Found key 'spring.thymeleaf.prefix' in PropertySource 'configurationProperties' with value of type String
2019-04-22 16:43:51.709 [DEBUG] [o.s.c.e.PropertySourcesPropertyResolver] Found key 'spring.jmx.enabled' in PropertySource 'configurationProperties' with value of type String
2019-04-22 16:43:51.737 [DEBUG] [o.s.c.e.PropertySourcesPropertyResolver] Found key 'spring.jmx.enabled' in PropertySource 'configurationProperties' with value of type String
2019-04-22 16:43:51.952 [DEBUG] [o.s.c.e.PropertySourcesPropertyResolver] Found key 'spring.thymeleaf.enabled' in PropertySource 'configurationProperties' with value of type String
2019-04-22 16:43:52.081 [DEBUG] [o.s.b.f.s.DefaultListableBeanFactory] Creating shared instance of singleton bean 'org.springframework.boot.autoconfigure.condition.BeanTypeRegistry'
2019-04-22 16:43:52.246 [DEBUG] [o.s.c.e.PropertySourcesPropertyResolver] Found key 'spring.thymeleaf.prefix' in PropertySource 'configurationProperties' with value of type String
2019-04-22 16:43:52.310 [DEBUG] [o.m.s.b.a.MybatisAutoConfiguration] Searching for mappers annotated with @Mapper
2019-04-22 16:43:52.314 [DEBUG] [o.s.b.f.s.DefaultListableBeanFactory] Creating shared instance of singleton bean 'org.springframework.boot.autoconfigure.AutoConfigurationPackages'
2019-04-22 16:43:52.334 [DEBUG] [o.s.b.a.AutoConfigurationPackages] @EnableAutoConfiguration was declared on a class in the package 'com.willpower.clap'. Automatic @Repository and @Entity scanning is enabled.
2019-04-22 16:43:52.334 [DEBUG] [o.m.s.b.a.MybatisAutoConfiguration] Using auto-configuration base package 'com.willpower.clap'
2019-04-22 16:43:52.341 [DEBUG] [o.m.s.m.ClassPathMapperScanner] Identified candidate component class: URL [jar:file:/Users/didi/cf-work/workspace/clap/clap-model/target/clap-model-0.0.1-SNAPSHOT.jar!/com/willpower/clap/mapper/PersonsMapper.class]
2019-04-22 16:43:52.342 [DEBUG] [o.m.s.m.ClassPathMapperScanner] Identified candidate component class: URL [jar:file:/Users/didi/cf-work/workspace/clap/clap-model/target/clap-model-0.0.1-SNAPSHOT.jar!/com/willpower/clap/mapper/SysRoleMapper.class]
2019-04-22 16:43:52.342 [DEBUG] [o.m.s.m.ClassPathMapperScanner] Identified candidate component class: URL [jar:file:/Users/didi/cf-work/workspace/clap/clap-model/target/clap-model-0.0.1-SNAPSHOT.jar!/com/willpower/clap/mapper/UserInfoMapper.class]
2019-04-22 16:43:52.343 [DEBUG] [o.m.s.m.ClassPathMapperScanner] Identified candidate component class: URL [jar:file:/Users/didi/cf-work/workspace/clap/clap-model/target/clap-model-0.0.1-SNAPSHOT.jar!/com/willpower/clap/mapper/SysPermissionMapper.class]
2019-04-22 16:43:52.348 [DEBUG] [o.m.s.m.ClassPathMapperScanner] Creating MapperFactoryBean with name 'personsMapper' and 'com.willpower.clap.mapper.PersonsMapper' mapperInterface
2019-04-22 16:43:52.348 [DEBUG] [o.m.s.m.ClassPathMapperScanner] Enabling autowire by type for MapperFactoryBean with name 'personsMapper'.
2019-04-22 16:43:52.348 [DEBUG] [o.m.s.m.ClassPathMapperScanner] Creating MapperFactoryBean with name 'sysRoleMapper' and 'com.willpower.clap.mapper.SysRoleMapper' mapperInterface
2019-04-22 16:43:52.348 [DEBUG] [o.m.s.m.ClassPathMapperScanner] Enabling autowire by type for MapperFactoryBean with name 'sysRoleMapper'.
2019-04-22 16:43:52.349 [DEBUG] [o.m.s.m.ClassPathMapperScanner] Creating MapperFactoryBean with name 'userInfoMapper' and 'com.willpower.clap.mapper.UserInfoMapper' mapperInterface
2019-04-22 16:43:52.349 [DEBUG] [o.m.s.m.ClassPathMapperScanner] Enabling autowire by type for MapperFactoryBean with name 'userInfoMapper'.
2019-04-22 16:43:52.349 [DEBUG] [o.m.s.m.ClassPathMapperScanner] Creating MapperFactoryBean with name 'sysPermissionMapper' and 'com.willpower.clap.mapper.SysPermissionMapper' mapperInterface
2019-04-22 16:43:52.349 [DEBUG] [o.m.s.m.ClassPathMapperScanner] Enabling autowire by type for MapperFactoryBean with name 'sysPermissionMapper'.
2019-04-22 16:43:52.436 [INFO ] [o.s.d.r.c.RepositoryConfigurationDelegate] Bootstrapping Spring Data repositories in DEFAULT mode.
2019-04-22 16:43:52.452 [DEBUG] [o.s.d.r.c.RepositoryConfigurationDelegate] Scanning for repositories in packages com.willpower.clap.
2019-04-22 16:43:52.489 [INFO ] [o.s.d.r.c.RepositoryConfigurationDelegate] Finished Spring Data repository scanning in 36ms. Found 0 repository interfaces.
2019-04-22 16:43:52.585 [DEBUG] [o.s.c.e.PropertySourcesPropertyResolver] Found key 'spring.thymeleaf.enabled' in PropertySource 'configurationProperties' with value of type String
2019-04-22 16:43:52.680 [DEBUG] [o.s.b.f.s.DefaultListableBeanFactory] Creating shared instance of singleton bean 'org.springframework.boot.test.web.client.TestRestTemplateContextCustomizer$TestRestTemplateRegistrar'
2019-04-22 16:43:53.039 [DEBUG] [o.s.b.f.s.DefaultListableBeanFactory] Creating shared instance of singleton bean 'propertySourcesPlaceholderConfigurer'
2019-04-22 16:43:53.054 [DEBUG] [o.s.b.f.s.DefaultListableBeanFactory] Creating shared instance of singleton bean 'org.springframework.boot.test.mock.mockito.MockitoPostProcessor'
2019-04-22 16:43:53.056 [DEBUG] [o.s.b.f.s.DefaultListableBeanFactory] Creating shared instance of singleton bean 'emBeanDefinitionRegistrarPostProcessor'
2019-04-22 16:43:53.172 [DEBUG] [o.s.b.f.s.DefaultListableBeanFactory] Creating shared instance of singleton bean 'org.springframework.context.event.internalEventListenerProcessor'
2019-04-22 16:43:53.174 [DEBUG] [o.s.b.f.s.DefaultListableBeanFactory] Creating shared instance of singleton bean 'org.springframework.boot.context.properties.ConfigurationBeanFactoryMetadata'
2019-04-22 16:43:53.176 [DEBUG] [o.s.b.f.s.DefaultListableBeanFactory] Creating shared instance of singleton bean 'preserveErrorControllerTargetClassPostProcessor'
2019-04-22 16:43:53.187 [DEBUG] [o.s.b.f.s.DefaultListableBeanFactory] Creating shared instance of singleton bean 'org.springframework.context.event.internalEventListenerFactory'
2019-04-22 16:43:53.189 [DEBUG] [o.s.b.f.s.DefaultListableBeanFactory] Creating shared instance of singleton bean 'org.springframework.transaction.config.internalTransactionalEventListenerFactory'
2019-04-22 16:43:53.217 [DEBUG] [o.s.b.f.s.DefaultListableBeanFactory] Creating shared instance of singleton bean 'org.springframework.context.annotation.internalAutowiredAnnotationProcessor'
2019-04-22 16:43:53.218 [DEBUG] [o.s.b.f.s.DefaultListableBeanFactory] Creating shared instance of singleton bean 'org.springframework.context.annotation.internalCommonAnnotationProcessor'
2019-04-22 16:43:53.236 [DEBUG] [o.s.b.f.s.DefaultListableBeanFactory] Creating shared instance of singleton bean 'org.springframework.context.annotation.internalPersistenceAnnotationProcessor'
2019-04-22 16:43:53.244 [DEBUG] [o.s.b.f.s.DefaultListableBeanFactory] Creating shared instance of singleton bean 'org.springframework.boot.test.mock.mockito.MockitoPostProcessor$SpyPostProcessor'
2019-04-22 16:43:53.245 [DEBUG] [o.s.b.f.s.DefaultListableBeanFactory] Creating shared instance of singleton bean 'org.springframework.boot.context.properties.ConfigurationPropertiesBindingPostProcessor'
2019-04-22 16:43:53.249 [DEBUG] [o.s.b.f.s.DefaultListableBeanFactory] Creating shared instance of singleton bean 'methodValidationPostProcessor'
2019-04-22 16:43:53.273 [DEBUG] [o.s.b.f.s.DefaultListableBeanFactory] Autowiring by type from bean name 'methodValidationPostProcessor' via factory method to bean named 'environment'
2019-04-22 16:43:53.325 [DEBUG] [o.s.b.f.s.DefaultListableBeanFactory] Creating shared instance of singleton bean 'dataSourceInitializerPostProcessor'
2019-04-22 16:43:53.333 [DEBUG] [o.s.b.f.s.DefaultListableBeanFactory] Creating shared instance of singleton bean 'org.springframework.aop.config.internalAutoProxyCreator'
2019-04-22 16:43:53.391 [DEBUG] [o.s.b.f.s.DefaultListableBeanFactory] Creating shared instance of singleton bean 'persistenceExceptionTranslationPostProcessor'
2019-04-22 16:43:53.392 [DEBUG] [o.s.b.f.s.DefaultListableBeanFactory] Autowiring by type from bean name 'persistenceExceptionTranslationPostProcessor' via factory method to bean named 'environment'
2019-04-22 16:43:53.405 [DEBUG] [o.s.b.f.s.DefaultListableBeanFactory] Creating shared instance of singleton bean 'objectMapperConfigurer'
2019-04-22 16:43:53.407 [DEBUG] [o.s.b.f.s.DefaultListableBeanFactory] Creating shared instance of singleton bean 'authorizationAttributeSourceAdvisor'
2019-04-22 16:43:53.408 [DEBUG] [o.s.b.f.s.DefaultListableBeanFactory] Creating shared instance of singleton bean 'shiroConfig'
2019-04-22 16:43:53.408 [DEBUG] [o.s.b.f.s.DefaultListableBeanFactory] Creating shared instance of singleton bean 'org.springframework.transaction.config.internalTransactionAdvisor'
2019-04-22 16:43:53.409 [DEBUG] [o.s.b.f.s.DefaultListableBeanFactory] Creating shared instance of singleton bean 'org.springframework.transaction.annotation.ProxyTransactionManagementConfiguration'
2019-04-22 16:43:53.463 [INFO ] [o.s.c.s.PostProcessorRegistrationDelegate$BeanPostProcessorChecker] Bean 'org.springframework.transaction.annotation.ProxyTransactionManagementConfiguration' of type [org.springframework.transaction.annotation.ProxyTransactionManagementConfiguration$$EnhancerBySpringCGLIB$$db52df18] is not eligible for getting processed by all BeanPostProcessors (for example: not eligible for auto-proxying)
2019-04-22 16:43:53.495 [DEBUG] [o.s.b.f.s.DefaultListableBeanFactory] Creating shared instance of singleton bean 'transactionAttributeSource'
2019-04-22 16:43:53.514 [DEBUG] [o.s.b.f.s.DefaultListableBeanFactory] Creating shared instance of singleton bean 'transactionInterceptor'
2019-04-22 16:43:53.573 [INFO ] [o.s.c.s.PostProcessorRegistrationDelegate$BeanPostProcessorChecker] Bean 'shiroConfig' of type [com.willpower.clap.shiro.ShiroConfig$$EnhancerBySpringCGLIB$$94444c05] is not eligible for getting processed by all BeanPostProcessors (for example: not eligible for auto-proxying)
2019-04-22 16:43:53.582 [DEBUG] [o.s.b.f.s.DefaultListableBeanFactory] Creating shared instance of singleton bean 'securityManager'
2019-04-22 16:43:53.889 [DEBUG] [o.s.b.f.s.DefaultListableBeanFactory] Creating shared instance of singleton bean 'myShiroRealm'
2019-04-22 16:43:53.894 [DEBUG] [o.s.b.f.s.DefaultListableBeanFactory] Creating shared instance of singleton bean 'hashedCredentialsMatcher'
2019-04-22 16:43:53.902 [INFO ] [o.s.c.s.PostProcessorRegistrationDelegate$BeanPostProcessorChecker] Bean 'hashedCredentialsMatcher' of type [org.apache.shiro.authc.credential.HashedCredentialsMatcher] is not eligible for getting processed by all BeanPostProcessors (for example: not eligible for auto-proxying)
2019-04-22 16:43:53.930 [DEBUG] [o.s.b.f.s.DefaultListableBeanFactory] Creating shared instance of singleton bean 'userInfoServiceImpl'
2019-04-22 16:43:53.944 [DEBUG] [o.s.b.f.s.DefaultListableBeanFactory] Creating shared instance of singleton bean 'userInfoMapper'
2019-04-22 16:43:53.956 [DEBUG] [o.s.b.f.s.DefaultListableBeanFactory] Creating shared instance of singleton bean 'sqlSessionFactory'
2019-04-22 16:43:53.957 [DEBUG] [o.s.b.f.s.DefaultListableBeanFactory] Creating shared instance of singleton bean 'org.mybatis.spring.boot.autoconfigure.MybatisAutoConfiguration'
2019-04-22 16:43:53.958 [DEBUG] [o.s.c.LocalVariableTableParameterNameDiscoverer] Cannot find '.class' file for class [class org.mybatis.spring.boot.autoconfigure.MybatisAutoConfiguration$$EnhancerBySpringCGLIB$$e273048] - unable to determine constructor/method parameter names
2019-04-22 16:43:53.960 [DEBUG] [o.s.b.f.s.DefaultListableBeanFactory] Creating shared instance of singleton bean 'mybatis-org.mybatis.spring.boot.autoconfigure.MybatisProperties'
2019-04-22 16:43:54.053 [DEBUG] [o.a.ibatis.logging.LogFactory] Logging initialized using 'class org.apache.ibatis.logging.slf4j.Slf4jImpl' adapter.
Logging initialized using 'class org.apache.ibatis.logging.stdout.StdOutImpl' adapter.
2019-04-22 16:43:54.282 [INFO ] [o.s.c.s.PostProcessorRegistrationDelegate$BeanPostProcessorChecker] Bean 'mybatis-org.mybatis.spring.boot.autoconfigure.MybatisProperties' of type [org.mybatis.spring.boot.autoconfigure.MybatisProperties] is not eligible for getting processed by all BeanPostProcessors (for example: not eligible for auto-proxying)
2019-04-22 16:43:54.287 [DEBUG] [o.s.b.f.s.DefaultListableBeanFactory] Autowiring by type from bean name 'org.mybatis.spring.boot.autoconfigure.MybatisAutoConfiguration' via constructor to bean named 'mybatis-org.mybatis.spring.boot.autoconfigure.MybatisProperties'
2019-04-22 16:43:54.287 [DEBUG] [o.s.b.f.s.DefaultListableBeanFactory] Autowiring by type from bean name 'org.mybatis.spring.boot.autoconfigure.MybatisAutoConfiguration' via constructor to bean named 'org.springframework.boot.web.servlet.context.AnnotationConfigServletWebServerApplicationContext@1b8a29df'
2019-04-22 16:43:54.318 [INFO ] [o.s.c.s.PostProcessorRegistrationDelegate$BeanPostProcessorChecker] Bean 'org.mybatis.spring.boot.autoconfigure.MybatisAutoConfiguration' of type [org.mybatis.spring.boot.autoconfigure.MybatisAutoConfiguration$$EnhancerBySpringCGLIB$$e273048] is not eligible for getting processed by all BeanPostProcessors (for example: not eligible for auto-proxying)
2019-04-22 16:43:54.326 [DEBUG] [o.s.b.f.s.DefaultListableBeanFactory] Creating shared instance of singleton bean 'dataSource'
2019-04-22 16:43:54.327 [DEBUG] [o.s.b.f.s.DefaultListableBeanFactory] Creating shared instance of singleton bean 'org.springframework.boot.autoconfigure.jdbc.DataSourceConfiguration$Hikari'
2019-04-22 16:43:54.331 [INFO ] [o.s.c.s.PostProcessorRegistrationDelegate$BeanPostProcessorChecker] Bean 'org.springframework.boot.autoconfigure.jdbc.DataSourceConfiguration$Hikari' of type [org.springframework.boot.autoconfigure.jdbc.DataSourceConfiguration$Hikari] is not eligible for getting processed by all BeanPostProcessors (for example: not eligible for auto-proxying)
2019-04-22 16:43:54.333 [DEBUG] [o.s.b.f.s.DefaultListableBeanFactory] Creating shared instance of singleton bean 'spring.datasource-org.springframework.boot.autoconfigure.jdbc.DataSourceProperties'
2019-04-22 16:43:54.354 [INFO ] [o.s.c.s.PostProcessorRegistrationDelegate$BeanPostProcessorChecker] Bean 'spring.datasource-org.springframework.boot.autoconfigure.jdbc.DataSourceProperties' of type [org.springframework.boot.autoconfigure.jdbc.DataSourceProperties] is not eligible for getting processed by all BeanPostProcessors (for example: not eligible for auto-proxying)
2019-04-22 16:43:54.355 [DEBUG] [o.s.b.f.s.DefaultListableBeanFactory] Autowiring by type from bean name 'dataSource' via factory method to bean named 'spring.datasource-org.springframework.boot.autoconfigure.jdbc.DataSourceProperties'
2019-04-22 16:43:54.376 [DEBUG] [com.zaxxer.hikari.HikariConfig] Driver class com.mysql.jdbc.Driver found in Thread context class loader sun.misc.Launcher$AppClassLoader@28d93b30
2019-04-22 16:43:54.409 [INFO ] [o.s.c.s.PostProcessorRegistrationDelegate$BeanPostProcessorChecker] Bean 'dataSource' of type [com.zaxxer.hikari.HikariDataSource] is not eligible for getting processed by all BeanPostProcessors (for example: not eligible for auto-proxying)
2019-04-22 16:43:54.431 [DEBUG] [o.s.b.f.s.DefaultListableBeanFactory] Creating shared instance of singleton bean 'org.springframework.boot.autoconfigure.jdbc.DataSourceInitializerInvoker'
2019-04-22 16:43:54.437 [DEBUG] [o.s.b.f.s.DefaultListableBeanFactory] Autowiring by type from bean name 'org.springframework.boot.autoconfigure.jdbc.DataSourceInitializerInvoker' via constructor to bean named 'spring.datasource-org.springframework.boot.autoconfigure.jdbc.DataSourceProperties'
2019-04-22 16:43:54.437 [DEBUG] [o.s.b.f.s.DefaultListableBeanFactory] Autowiring by type from bean name 'org.springframework.boot.autoconfigure.jdbc.DataSourceInitializerInvoker' via constructor to bean named 'org.springframework.boot.web.servlet.context.AnnotationConfigServletWebServerApplicationContext@1b8a29df'
2019-04-22 16:43:54.446 [INFO ] [o.s.c.s.PostProcessorRegistrationDelegate$BeanPostProcessorChecker] Bean 'org.springframework.boot.autoconfigure.jdbc.DataSourceInitializerInvoker' of type [org.springframework.boot.autoconfigure.jdbc.DataSourceInitializerInvoker] is not eligible for getting processed by all BeanPostProcessors (for example: not eligible for auto-proxying)
2019-04-22 16:43:54.447 [DEBUG] [o.s.b.f.s.DefaultListableBeanFactory] Autowiring by type from bean name 'sqlSessionFactory' via factory method to bean named 'dataSource'
Using VFS adapter org.mybatis.spring.boot.autoconfigure.SpringBootVFS
Checking to see if class com.willpower.clap.entity.Persons matches criteria [is assignable to Object]
Checking to see if class com.willpower.clap.entity.SysPermission matches criteria [is assignable to Object]
Checking to see if class com.willpower.clap.entity.UserInfo matches criteria [is assignable to Object]
Checking to see if class com.willpower.clap.entity.SysRole matches criteria [is assignable to Object]
Scanned package: 'com.willpower.clap.entity' for aliases
Parsed mapper file: 'class path resource [mapper/SysPermissionMapper.xml]'
Parsed mapper file: 'class path resource [mapper/SysRoleMapper.xml]'
Parsed mapper file: 'class path resource [mapper/PersonsMapper.xml]'
Parsed mapper file: 'class path resource [mapper/UserInfoMapper.xml]'
2019-04-22 16:43:54.879 [INFO ] [o.s.c.s.PostProcessorRegistrationDelegate$BeanPostProcessorChecker] Bean 'sqlSessionFactory' of type [org.apache.ibatis.session.defaults.DefaultSqlSessionFactory] is not eligible for getting processed by all BeanPostProcessors (for example: not eligible for auto-proxying)
2019-04-22 16:43:54.882 [DEBUG] [o.s.b.f.s.DefaultListableBeanFactory] Creating shared instance of singleton bean 'sqlSessionTemplate'
2019-04-22 16:43:54.883 [DEBUG] [o.s.b.f.s.DefaultListableBeanFactory] Autowiring by type from bean name 'sqlSessionTemplate' via factory method to bean named 'sqlSessionFactory'
2019-04-22 16:43:54.897 [INFO ] [o.s.c.s.PostProcessorRegistrationDelegate$BeanPostProcessorChecker] Bean 'sqlSessionTemplate' of type [org.mybatis.spring.SqlSessionTemplate] is not eligible for getting processed by all BeanPostProcessors (for example: not eligible for auto-proxying)
2019-04-22 16:43:54.900 [INFO ] [o.s.c.s.PostProcessorRegistrationDelegate$BeanPostProcessorChecker] Bean 'userInfoMapper' of type [org.mybatis.spring.mapper.MapperFactoryBean] is not eligible for getting processed by all BeanPostProcessors (for example: not eligible for auto-proxying)
2019-04-22 16:43:54.903 [INFO ] [o.s.c.s.PostProcessorRegistrationDelegate$BeanPostProcessorChecker] Bean 'userInfoMapper' of type [com.sun.proxy.$Proxy84] is not eligible for getting processed by all BeanPostProcessors (for example: not eligible for auto-proxying)
2019-04-22 16:43:54.906 [INFO ] [o.s.c.s.PostProcessorRegistrationDelegate$BeanPostProcessorChecker] Bean 'userInfoServiceImpl' of type [com.willpower.clap.service.impl.UserInfoServiceImpl] is not eligible for getting processed by all BeanPostProcessors (for example: not eligible for auto-proxying)
2019-04-22 16:43:54.909 [DEBUG] [o.s.b.f.s.DefaultListableBeanFactory] Creating shared instance of singleton bean 'sysRoleMapper'
2019-04-22 16:43:54.914 [INFO ] [o.s.c.s.PostProcessorRegistrationDelegate$BeanPostProcessorChecker] Bean 'sysRoleMapper' of type [org.mybatis.spring.mapper.MapperFactoryBean] is not eligible for getting processed by all BeanPostProcessors (for example: not eligible for auto-proxying)
2019-04-22 16:43:54.916 [INFO ] [o.s.c.s.PostProcessorRegistrationDelegate$BeanPostProcessorChecker] Bean 'sysRoleMapper' of type [com.sun.proxy.$Proxy86] is not eligible for getting processed by all BeanPostProcessors (for example: not eligible for auto-proxying)
2019-04-22 16:43:54.919 [DEBUG] [o.s.b.f.s.DefaultListableBeanFactory] Creating shared instance of singleton bean 'sysPermissionMapper'
2019-04-22 16:43:54.924 [INFO ] [o.s.c.s.PostProcessorRegistrationDelegate$BeanPostProcessorChecker] Bean 'sysPermissionMapper' of type [org.mybatis.spring.mapper.MapperFactoryBean] is not eligible for getting processed by all BeanPostProcessors (for example: not eligible for auto-proxying)
2019-04-22 16:43:54.928 [INFO ] [o.s.c.s.PostProcessorRegistrationDelegate$BeanPostProcessorChecker] Bean 'sysPermissionMapper' of type [com.sun.proxy.$Proxy87] is not eligible for getting processed by all BeanPostProcessors (for example: not eligible for auto-proxying)
2019-04-22 16:43:54.931 [INFO ] [o.s.c.s.PostProcessorRegistrationDelegate$BeanPostProcessorChecker] Bean 'myShiroRealm' of type [com.willpower.clap.shiro.MyShiroRealm] is not eligible for getting processed by all BeanPostProcessors (for example: not eligible for auto-proxying)
2019-04-22 16:43:54.934 [DEBUG] [o.s.b.f.s.DefaultListableBeanFactory] Creating shared instance of singleton bean 'ehCacheManager'
ShiroConfiguration.getEhCacheManager()
2019-04-22 16:43:54.941 [INFO ] [o.s.c.s.PostProcessorRegistrationDelegate$BeanPostProcessorChecker] Bean 'ehCacheManager' of type [org.apache.shiro.cache.ehcache.EhCacheManager] is not eligible for getting processed by all BeanPostProcessors (for example: not eligible for auto-proxying)
2019-04-22 16:43:54.942 [DEBUG] [o.a.shiro.realm.AuthorizingRealm] No authorizationCache instance set.  Checking for a cacheManager...
2019-04-22 16:43:54.942 [DEBUG] [o.a.shiro.realm.AuthorizingRealm] CacheManager [org.apache.shiro.cache.ehcache.EhCacheManager@2a39aa2b] has been configured.  Building authorization cache named [com.willpower.clap.shiro.MyShiroRealm.authorizationCache]
2019-04-22 16:43:54.942 [DEBUG] [o.a.s.c.ehcache.EhCacheManager] cacheManager property not set.  Constructing CacheManager instance... 
2019-04-22 16:43:54.952 [DEBUG] [o.apache.shiro.io.ResourceUtils] Opening resource from class path [ehcache-shiro.xml]
2019-04-22 16:43:54.964 [DEBUG] [n.s.e.c.ConfigurationFactory] Configuring ehcache from InputStream
2019-04-22 16:43:54.996 [DEBUG] [n.s.e.c.DiskStoreConfiguration] Disk Store Path: /var/folders/tk/v9nks16x3gn6jlfl4qm7s4lr0000gn/T/
2019-04-22 16:43:55.015 [DEBUG] [net.sf.ehcache.util.PropertyUtil] propertiesString is null.
2019-04-22 16:43:55.047 [DEBUG] [n.s.e.config.ConfigurationHelper] No CacheManagerEventListenerFactory class specified. Skipping...
2019-04-22 16:43:55.073 [DEBUG] [net.sf.ehcache.Cache] No BootstrapCacheLoaderFactory class specified. Skipping...
2019-04-22 16:43:55.073 [DEBUG] [net.sf.ehcache.Cache] CacheWriter factory not configured. Skipping...
2019-04-22 16:43:55.076 [DEBUG] [n.s.e.config.ConfigurationHelper] No CacheExceptionHandlerFactory class specified. Skipping...
2019-04-22 16:43:55.086 [DEBUG] [net.sf.ehcache.Cache] No BootstrapCacheLoaderFactory class specified. Skipping...
2019-04-22 16:43:55.086 [DEBUG] [net.sf.ehcache.Cache] CacheWriter factory not configured. Skipping...
2019-04-22 16:43:55.087 [DEBUG] [n.s.e.config.ConfigurationHelper] No CacheExceptionHandlerFactory class specified. Skipping...
2019-04-22 16:43:55.147 [DEBUG] [net.sf.ehcache.store.MemoryStore] Initialized net.sf.ehcache.store.NotifyingMemoryStore for passwordRetryCache
2019-04-22 16:43:55.157 [DEBUG] [net.sf.ehcache.Cache] Initialised cache: passwordRetryCache
2019-04-22 16:43:55.158 [DEBUG] [n.s.e.config.ConfigurationHelper] CacheDecoratorFactory not configured. Skipping for 'passwordRetryCache'.
2019-04-22 16:43:55.158 [DEBUG] [n.s.e.config.ConfigurationHelper] CacheDecoratorFactory not configured for defaultCache. Skipping for 'passwordRetryCache'.
2019-04-22 16:43:55.159 [DEBUG] [o.a.s.c.ehcache.EhCacheManager] implicit cacheManager created successfully.
2019-04-22 16:43:55.159 [INFO ] [o.a.s.c.ehcache.EhCacheManager] Cache with name 'com.willpower.clap.shiro.MyShiroRealm.authorizationCache' does not yet exist.  Creating now.
2019-04-22 16:43:55.160 [DEBUG] [net.sf.ehcache.store.MemoryStore] Initialized net.sf.ehcache.store.NotifyingMemoryStore for com.willpower.clap.shiro.MyShiroRealm.authorizationCache
2019-04-22 16:43:55.161 [DEBUG] [net.sf.ehcache.Cache] Initialised cache: com.willpower.clap.shiro.MyShiroRealm.authorizationCache
2019-04-22 16:43:55.161 [DEBUG] [n.s.e.config.ConfigurationHelper] CacheDecoratorFactory not configured for defaultCache. Skipping for 'com.willpower.clap.shiro.MyShiroRealm.authorizationCache'.
2019-04-22 16:43:55.161 [INFO ] [o.a.s.c.ehcache.EhCacheManager] Added EhCache named [com.willpower.clap.shiro.MyShiroRealm.authorizationCache]
2019-04-22 16:43:55.163 [DEBUG] [o.s.b.f.s.DefaultListableBeanFactory] Creating shared instance of singleton bean 'cookieRememberMeManager'
ShiroConfiguration.rememberMeManager()
2019-04-22 16:43:55.164 [DEBUG] [o.s.b.f.s.DefaultListableBeanFactory] Creating shared instance of singleton bean 'rememberMeCookie'
ShiroConfiguration.rememberMeCookie()
2019-04-22 16:43:55.170 [INFO ] [o.s.c.s.PostProcessorRegistrationDelegate$BeanPostProcessorChecker] Bean 'rememberMeCookie' of type [org.apache.shiro.web.servlet.SimpleCookie] is not eligible for getting processed by all BeanPostProcessors (for example: not eligible for auto-proxying)
2019-04-22 16:43:55.180 [INFO ] [o.s.c.s.PostProcessorRegistrationDelegate$BeanPostProcessorChecker] Bean 'cookieRememberMeManager' of type [org.apache.shiro.web.mgt.CookieRememberMeManager] is not eligible for getting processed by all BeanPostProcessors (for example: not eligible for auto-proxying)
2019-04-22 16:43:55.208 [INFO ] [o.s.c.s.PostProcessorRegistrationDelegate$BeanPostProcessorChecker] Bean 'securityManager' of type [org.apache.shiro.web.mgt.DefaultWebSecurityManager] is not eligible for getting processed by all BeanPostProcessors (for example: not eligible for auto-proxying)
2019-04-22 16:43:55.211 [DEBUG] [o.s.b.f.s.DefaultListableBeanFactory] Autowiring by type from bean name 'shiroFilterFactoryBean' via factory method to bean named 'securityManager'
2019-04-22 16:43:55.217 [DEBUG] [o.s.b.f.s.DefaultListableBeanFactory] Autowiring by type from bean name 'authorizationAttributeSourceAdvisor' via factory method to bean named 'securityManager'
2019-04-22 16:43:55.272 [INFO ] [o.s.c.s.PostProcessorRegistrationDelegate$BeanPostProcessorChecker] Bean 'authorizationAttributeSourceAdvisor' of type [org.apache.shiro.spring.security.interceptor.AuthorizationAttributeSourceAdvisor] is not eligible for getting processed by all BeanPostProcessors (for example: not eligible for auto-proxying)
2019-04-22 16:43:55.285 [DEBUG] [o.s.b.f.s.DefaultListableBeanFactory] Creating shared instance of singleton bean 'shiroFilterFactoryBean'
2019-04-22 16:43:55.294 [DEBUG] [o.s.b.f.s.DefaultListableBeanFactory] Creating shared instance of singleton bean 'webServerFactoryCustomizerBeanPostProcessor'
2019-04-22 16:43:55.301 [DEBUG] [o.s.b.f.s.DefaultListableBeanFactory] Creating shared instance of singleton bean 'errorPageRegistrarBeanPostProcessor'
2019-04-22 16:43:55.312 [DEBUG] [o.s.b.f.s.DefaultListableBeanFactory] Creating shared instance of singleton bean 'dataSourceInitializedPublisher'
2019-04-22 16:43:55.333 [DEBUG] [o.s.b.f.s.DefaultListableBeanFactory] Creating shared instance of singleton bean 'projectingArgumentResolverBeanPostProcessor'
2019-04-22 16:43:55.380 [DEBUG] [o.s.u.c.s.UiApplicationContextUtils] Unable to locate ThemeSource with name 'themeSource': using default [org.springframework.ui.context.support.ResourceBundleThemeSource@30ec7d21]
2019-04-22 16:43:55.382 [DEBUG] [o.s.b.f.s.DefaultListableBeanFactory] Creating shared instance of singleton bean 'tomcatServletWebServerFactory'
2019-04-22 16:43:55.383 [DEBUG] [o.s.b.f.s.DefaultListableBeanFactory] Creating shared instance of singleton bean 'org.springframework.boot.autoconfigure.web.servlet.ServletWebServerFactoryConfiguration$EmbeddedTomcat'
2019-04-22 16:43:55.493 [DEBUG] [o.s.b.f.s.DefaultListableBeanFactory] Creating shared instance of singleton bean 'websocketServletWebServerCustomizer'
2019-04-22 16:43:55.494 [DEBUG] [o.s.b.f.s.DefaultListableBeanFactory] Creating shared instance of singleton bean 'org.springframework.boot.autoconfigure.websocket.servlet.WebSocketServletAutoConfiguration$TomcatWebSocketConfiguration'
2019-04-22 16:43:55.530 [DEBUG] [o.s.b.f.s.DefaultListableBeanFactory] Creating shared instance of singleton bean 'servletWebServerFactoryCustomizer'
2019-04-22 16:43:55.530 [DEBUG] [o.s.b.f.s.DefaultListableBeanFactory] Creating shared instance of singleton bean 'org.springframework.boot.autoconfigure.web.servlet.ServletWebServerFactoryAutoConfiguration'
2019-04-22 16:43:55.540 [DEBUG] [o.s.b.f.s.DefaultListableBeanFactory] Creating shared instance of singleton bean 'server-org.springframework.boot.autoconfigure.web.ServerProperties'
2019-04-22 16:43:55.582 [DEBUG] [o.s.b.f.s.DefaultListableBeanFactory] Autowiring by type from bean name 'servletWebServerFactoryCustomizer' via factory method to bean named 'server-org.springframework.boot.autoconfigure.web.ServerProperties'
2019-04-22 16:43:55.593 [DEBUG] [o.s.b.f.s.DefaultListableBeanFactory] Creating shared instance of singleton bean 'tomcatServletWebServerFactoryCustomizer'
2019-04-22 16:43:55.595 [DEBUG] [o.s.b.f.s.DefaultListableBeanFactory] Autowiring by type from bean name 'tomcatServletWebServerFactoryCustomizer' via factory method to bean named 'server-org.springframework.boot.autoconfigure.web.ServerProperties'
2019-04-22 16:43:55.599 [DEBUG] [o.s.b.f.s.DefaultListableBeanFactory] Creating shared instance of singleton bean 'tomcatWebServerFactoryCustomizer'
2019-04-22 16:43:55.600 [DEBUG] [o.s.b.f.s.DefaultListableBeanFactory] Creating shared instance of singleton bean 'org.springframework.boot.autoconfigure.web.embedded.EmbeddedWebServerFactoryCustomizerAutoConfiguration$TomcatWebServerFactoryCustomizerConfiguration'
2019-04-22 16:43:55.609 [DEBUG] [o.s.b.f.s.DefaultListableBeanFactory] Autowiring by type from bean name 'tomcatWebServerFactoryCustomizer' via factory method to bean named 'environment'
2019-04-22 16:43:55.610 [DEBUG] [o.s.b.f.s.DefaultListableBeanFactory] Autowiring by type from bean name 'tomcatWebServerFactoryCustomizer' via factory method to bean named 'server-org.springframework.boot.autoconfigure.web.ServerProperties'
2019-04-22 16:43:55.618 [DEBUG] [o.s.b.f.s.DefaultListableBeanFactory] Creating shared instance of singleton bean 'localeCharsetMappingsCustomizer'
2019-04-22 16:43:55.618 [DEBUG] [o.s.b.f.s.DefaultListableBeanFactory] Creating shared instance of singleton bean 'org.springframework.boot.autoconfigure.web.servlet.HttpEncodingAutoConfiguration'
[...]
      Matched:
         - @ConditionalOnClass found required classes 'javax.sql.DataSource', 'javax.transaction.TransactionManager', 'org.springframework.jdbc.datasource.embedded.EmbeddedDatabaseType' (OnClassCondition)


Exclusions:
-----------

    None


Unconditional classes:
----------------------

    org.springframework.boot.autoconfigure.context.ConfigurationPropertiesAutoConfiguration

    org.springframework.boot.autoconfigure.context.PropertyPlaceholderAutoConfiguration

    org.springframework.boot.autoconfigure.info.ProjectInfoAutoConfiguration



2019-04-22 16:44:06.664 [INFO ] [o.a.c.http11.Http11NioProtocol] Starting ProtocolHandler ["http-nio-auto-1"]
2019-04-22 16:44:06.728 [INFO ] [o.s.b.w.e.tomcat.TomcatWebServer] Tomcat started on port(s): 60606 (http) with context path ''
2019-04-22 16:44:06.734 [INFO ] [c.w.c.w.c.HomeControllerTest] Started HomeControllerTest in 16.911 seconds (JVM running for 18.46)
2019-04-22 16:44:06.738 [DEBUG] [o.s.t.c.c.DefaultCacheAwareContextLoaderDelegate] Storing ApplicationContext in cache under key [[WebMergedContextConfiguration@17f9d882 testClass = HomeControllerTest, locations = '{}', classes = '{class com.willpower.clap.ServiceApplication}', contextInitializerClasses = '[]', activeProfiles = '{}', propertySourceLocations = '{}', propertySourceProperties = '{org.springframework.boot.test.context.SpringBootTestContextBootstrapper=true, server.port=0}', contextCustomizers = set[org.springframework.boot.test.context.filter.ExcludeFilterContextCustomizer@3911c2a7, org.springframework.boot.test.json.DuplicateJsonObjectContextCustomizerFactory$DuplicateJsonObjectContextCustomizer@76508ed1, org.springframework.boot.test.mock.mockito.MockitoContextCustomizer@0, org.springframework.boot.test.web.client.TestRestTemplateContextCustomizer@50eac852, org.springframework.boot.test.autoconfigure.properties.PropertyMappingContextCustomizer@0, org.springframework.boot.test.autoconfigure.web.servlet.WebDriverContextCustomizerFactory$Customizer@6e171cd7], resourceBasePath = 'src/main/webapp', contextLoader = 'org.springframework.boot.test.context.SpringBootContextLoader', parent = [null]]]
2019-04-22 16:44:06.739 [DEBUG] [o.s.test.context.cache] Spring test ApplicationContext cache statistics: [DefaultContextCache@79445efb size = 1, maxSize = 32, parentContextCount = 0, hitCount = 0, missCount = 1]
2019-04-22 16:44:06.753 [DEBUG] [o.s.t.c.s.AbstractDirtiesContextTestExecutionListener] Before test method: context [DefaultTestContext@1c5920df testClass = HomeControllerTest, testInstance = com.willpower.clap.web.controller.HomeControllerTest@7a35b0f5, testMethod = login@HomeControllerTest, testException = [null], mergedContextConfiguration = [WebMergedContextConfiguration@17f9d882 testClass = HomeControllerTest, locations = '{}', classes = '{class com.willpower.clap.ServiceApplication}', contextInitializerClasses = '[]', activeProfiles = '{}', propertySourceLocations = '{}', propertySourceProperties = '{org.springframework.boot.test.context.SpringBootTestContextBootstrapper=true, server.port=0}', contextCustomizers = set[org.springframework.boot.test.context.filter.ExcludeFilterContextCustomizer@3911c2a7, org.springframework.boot.test.json.DuplicateJsonObjectContextCustomizerFactory$DuplicateJsonObjectContextCustomizer@76508ed1, org.springframework.boot.test.mock.mockito.MockitoContextCustomizer@0, org.springframework.boot.test.web.client.TestRestTemplateContextCustomizer@50eac852, org.springframework.boot.test.autoconfigure.properties.PropertyMappingContextCustomizer@0, org.springframework.boot.test.autoconfigure.web.servlet.WebDriverContextCustomizerFactory$Customizer@6e171cd7], resourceBasePath = 'src/main/webapp', contextLoader = 'org.springframework.boot.test.context.SpringBootContextLoader', parent = [null]], attributes = map['org.springframework.test.context.web.ServletTestExecutionListener.activateListener' -> false]], class annotated with @DirtiesContext [false] with mode [null], method annotated with @DirtiesContext [false] with mode [null].
2019-04-22 16:44:06.764 [DEBUG] [o.s.t.c.c.DefaultCacheAwareContextLoaderDelegate] Retrieved ApplicationContext from cache with key [[WebMergedContextConfiguration@17f9d882 testClass = HomeControllerTest, locations = '{}', classes = '{class com.willpower.clap.ServiceApplication}', contextInitializerClasses = '[]', activeProfiles = '{}', propertySourceLocations = '{}', propertySourceProperties = '{org.springframework.boot.test.context.SpringBootTestContextBootstrapper=true, server.port=0}', contextCustomizers = set[org.springframework.boot.test.context.filter.ExcludeFilterContextCustomizer@3911c2a7, org.springframework.boot.test.json.DuplicateJsonObjectContextCustomizerFactory$DuplicateJsonObjectContextCustomizer@76508ed1, org.springframework.boot.test.mock.mockito.MockitoContextCustomizer@0, org.springframework.boot.test.web.client.TestRestTemplateContextCustomizer@50eac852, org.springframework.boot.test.autoconfigure.properties.PropertyMappingContextCustomizer@0, org.springframework.boot.test.autoconfigure.web.servlet.WebDriverContextCustomizerFactory$Customizer@6e171cd7], resourceBasePath = 'src/main/webapp', contextLoader = 'org.springframework.boot.test.context.SpringBootContextLoader', parent = [null]]]
2019-04-22 16:44:06.764 [DEBUG] [o.s.test.context.cache] Spring test ApplicationContext cache statistics: [DefaultContextCache@79445efb size = 1, maxSize = 32, parentContextCount = 0, hitCount = 1, missCount = 1]
2019-04-22 16:44:06.866 [INFO ] [o.a.c.c.C.[.[localhost].[/]] Initializing Spring TestDispatcherServlet ''
2019-04-22 16:44:06.866 [INFO ] [o.s.t.w.s.TestDispatcherServlet] Initializing Servlet ''
2019-04-22 16:44:06.867 [DEBUG] [o.s.t.w.s.TestDispatcherServlet] Detected StandardServletMultipartResolver
2019-04-22 16:44:06.913 [DEBUG] [o.s.t.w.s.TestDispatcherServlet] enableLoggingRequestDetails='false': request parameters and headers will be masked to prevent unsafe logging of potentially sensitive data
2019-04-22 16:44:06.913 [INFO ] [o.s.t.w.s.TestDispatcherServlet] Completed initialization in 46 ms
2019-04-22 16:44:06.969 [DEBUG] [o.s.t.w.s.TestDispatcherServlet] POST "/login", parameters={masked}
2019-04-22 16:44:06.977 [DEBUG] [o.s.w.s.m.m.a.RequestMappingHandlerMapping] Mapped to public com.willpower.clap.util.ApiResult com.willpower.clap.web.controller.HomeController.login(java.lang.String,java.lang.String,java.util.Map<java.lang.String, java.lang.Object>) throws java.lang.Exception
HomeController.login
2019-04-22 16:44:07.025 [DEBUG] [o.s.t.w.s.TestDispatcherServlet] Failed to complete request: org.apache.shiro.UnavailableSecurityManagerException: No SecurityManager accessible to the calling code, either bound to the org.apache.shiro.util.ThreadContext or as a vm static singleton.  This is an invalid application configuration.
2019-04-22 16:44:07.032 [DEBUG] [o.s.t.c.c.DefaultCacheAwareContextLoaderDelegate] Retrieved ApplicationContext from cache with key [[WebMergedContextConfiguration@17f9d882 testClass = HomeControllerTest, locations = '{}', classes = '{class com.willpower.clap.ServiceApplication}', contextInitializerClasses = '[]', activeProfiles = '{}', propertySourceLocations = '{}', propertySourceProperties = '{org.springframework.boot.test.context.SpringBootTestContextBootstrapper=true, server.port=0}', contextCustomizers = set[org.springframework.boot.test.context.filter.ExcludeFilterContextCustomizer@3911c2a7, org.springframework.boot.test.json.DuplicateJsonObjectContextCustomizerFactory$DuplicateJsonObjectContextCustomizer@76508ed1, org.springframework.boot.test.mock.mockito.MockitoContextCustomizer@0, org.springframework.boot.test.web.client.TestRestTemplateContextCustomizer@50eac852, org.springframework.boot.test.autoconfigure.properties.PropertyMappingContextCustomizer@0, org.springframework.boot.test.autoconfigure.web.servlet.WebDriverContextCustomizerFactory$Customizer@6e171cd7], resourceBasePath = 'src/main/webapp', contextLoader = 'org.springframework.boot.test.context.SpringBootContextLoader', parent = [null]]]
2019-04-22 16:44:07.037 [DEBUG] [o.s.test.context.cache] Spring test ApplicationContext cache statistics: [DefaultContextCache@79445efb size = 1, maxSize = 32, parentContextCount = 0, hitCount = 2, missCount = 1]
2019-04-22 16:44:07.039 [DEBUG] [o.s.t.c.c.DefaultCacheAwareContextLoaderDelegate] Retrieved ApplicationContext from cache with key [[WebMergedContextConfiguration@17f9d882 testClass = HomeControllerTest, locations = '{}', classes = '{class com.willpower.clap.ServiceApplication}', contextInitializerClasses = '[]', activeProfiles = '{}', propertySourceLocations = '{}', propertySourceProperties = '{org.springframework.boot.test.context.SpringBootTestContextBootstrapper=true, server.port=0}', contextCustomizers = set[org.springframework.boot.test.context.filter.ExcludeFilterContextCustomizer@3911c2a7, org.springframework.boot.test.json.DuplicateJsonObjectContextCustomizerFactory$DuplicateJsonObjectContextCustomizer@76508ed1, org.springframework.boot.test.mock.mockito.MockitoContextCustomizer@0, org.springframework.boot.test.web.client.TestRestTemplateContextCustomizer@50eac852, org.springframework.boot.test.autoconfigure.properties.PropertyMappingContextCustomizer@0, org.springframework.boot.test.autoconfigure.web.servlet.WebDriverContextCustomizerFactory$Customizer@6e171cd7], resourceBasePath = 'src/main/webapp', contextLoader = 'org.springframework.boot.test.context.SpringBootContextLoader', parent = [null]]]
2019-04-22 16:44:07.051 [DEBUG] [o.s.test.context.cache] Spring test ApplicationContext cache statistics: [DefaultContextCache@79445efb size = 1, maxSize = 32, parentContextCount = 0, hitCount = 3, missCount = 1]
2019-04-22 16:44:07.054 [DEBUG] [o.s.t.c.c.DefaultCacheAwareContextLoaderDelegate] Retrieved ApplicationContext from cache with key [[WebMergedContextConfiguration@17f9d882 testClass = HomeControllerTest, locations = '{}', classes = '{class com.willpower.clap.ServiceApplication}', contextInitializerClasses = '[]', activeProfiles = '{}', propertySourceLocations = '{}', propertySourceProperties = '{org.springframework.boot.test.context.SpringBootTestContextBootstrapper=true, server.port=0}', contextCustomizers = set[org.springframework.boot.test.context.filter.ExcludeFilterContextCustomizer@3911c2a7, org.springframework.boot.test.json.DuplicateJsonObjectContextCustomizerFactory$DuplicateJsonObjectContextCustomizer@76508ed1, org.springframework.boot.test.mock.mockito.MockitoContextCustomizer@0, org.springframework.boot.test.web.client.TestRestTemplateContextCustomizer@50eac852, org.springframework.boot.test.autoconfigure.properties.PropertyMappingContextCustomizer@0, org.springframework.boot.test.autoconfigure.web.servlet.WebDriverContextCustomizerFactory$Customizer@6e171cd7], resourceBasePath = 'src/main/webapp', contextLoader = 'org.springframework.boot.test.context.SpringBootContextLoader', parent = [null]]]
2019-04-22 16:44:07.055 [DEBUG] [o.s.test.context.cache] Spring test ApplicationContext cache statistics: [DefaultContextCache@79445efb size = 1, maxSize = 32, parentContextCount = 0, hitCount = 4, missCount = 1]
2019-04-22 16:44:07.075 [DEBUG] [o.s.t.c.c.DefaultCacheAwareContextLoaderDelegate] Retrieved ApplicationContext from cache with key [[WebMergedContextConfiguration@17f9d882 testClass = HomeControllerTest, locations = '{}', classes = '{class com.willpower.clap.ServiceApplication}', contextInitializerClasses = '[]', activeProfiles = '{}', propertySourceLocations = '{}', propertySourceProperties = '{org.springframework.boot.test.context.SpringBootTestContextBootstrapper=true, server.port=0}', contextCustomizers = set[org.springframework.boot.test.context.filter.ExcludeFilterContextCustomizer@3911c2a7, org.springframework.boot.test.json.DuplicateJsonObjectContextCustomizerFactory$DuplicateJsonObjectContextCustomizer@76508ed1, org.springframework.boot.test.mock.mockito.MockitoContextCustomizer@0, org.springframework.boot.test.web.client.TestRestTemplateContextCustomizer@50eac852, org.springframework.boot.test.autoconfigure.properties.PropertyMappingContextCustomizer@0, org.springframework.boot.test.autoconfigure.web.servlet.WebDriverContextCustomizerFactory$Customizer@6e171cd7], resourceBasePath = 'src/main/webapp', contextLoader = 'org.springframework.boot.test.context.SpringBootContextLoader', parent = [null]]]
2019-04-22 16:44:07.080 [DEBUG] [o.s.test.context.cache] Spring test ApplicationContext cache statistics: [DefaultContextCache@79445efb size = 1, maxSize = 32, parentContextCount = 0, hitCount = 5, missCount = 1]
2019-04-22 16:44:07.090 [DEBUG] [o.s.t.c.s.AbstractDirtiesContextTestExecutionListener] After test method: context [DefaultTestContext@1c5920df testClass = HomeControllerTest, testInstance = com.willpower.clap.web.controller.HomeControllerTest@7a35b0f5, testMethod = login@HomeControllerTest, testException = org.springframework.web.util.NestedServletException: Request processing failed; nested exception is org.apache.shiro.UnavailableSecurityManagerException: No SecurityManager accessible to the calling code, either bound to the org.apache.shiro.util.ThreadContext or as a vm static singleton.  This is an invalid application configuration., mergedContextConfiguration = [WebMergedContextConfiguration@17f9d882 testClass = HomeControllerTest, locations = '{}', classes = '{class com.willpower.clap.ServiceApplication}', contextInitializerClasses = '[]', activeProfiles = '{}', propertySourceLocations = '{}', propertySourceProperties = '{org.springframework.boot.test.context.SpringBootTestContextBootstrapper=true, server.port=0}', contextCustomizers = set[org.springframework.boot.test.context.filter.ExcludeFilterContextCustomizer@3911c2a7, org.springframework.boot.test.json.DuplicateJsonObjectContextCustomizerFactory$DuplicateJsonObjectContextCustomizer@76508ed1, org.springframework.boot.test.mock.mockito.MockitoContextCustomizer@0, org.springframework.boot.test.web.client.TestRestTemplateContextCustomizer@50eac852, org.springframework.boot.test.autoconfigure.properties.PropertyMappingContextCustomizer@0, org.springframework.boot.test.autoconfigure.web.servlet.WebDriverContextCustomizerFactory$Customizer@6e171cd7], resourceBasePath = 'src/main/webapp', contextLoader = 'org.springframework.boot.test.context.SpringBootContextLoader', parent = [null]], attributes = map['org.springframework.test.context.web.ServletTestExecutionListener.activateListener' -> false]], class annotated with @DirtiesContext [false] with mode [null], method annotated with @DirtiesContext [false] with mode [null].
]]></system-out>
    <system-err><![CDATA[Mon Apr 22 16:43:57 CST 2019 WARN: Establishing SSL connection without server's identity verification is not recommended. According to MySQL 5.5.45+, 5.6.26+ and 5.7.6+ requirements SSL connection must be established by default if explicit option isn't set. For compliance with existing applications not using SSL the verifyServerCertificate property is set to 'false'. You need either to explicitly disable SSL by setting useSSL=false, or set useSSL=true and provide truststore for server certificate verification.
Mon Apr 22 16:43:57 CST 2019 WARN: Establishing SSL connection without server's identity verification is not recommended. According to MySQL 5.5.45+, 5.6.26+ and 5.7.6+ requirements SSL connection must be established by default if explicit option isn't set. For compliance with existing applications not using SSL the verifyServerCertificate property is set to 'false'. You need either to explicitly disable SSL by setting useSSL=false, or set useSSL=true and provide truststore for server certificate verification.
Mon Apr 22 16:43:57 CST 2019 WARN: Establishing SSL connection without server's identity verification is not recommended. According to MySQL 5.5.45+, 5.6.26+ and 5.7.6+ requirements SSL connection must be established by default if explicit option isn't set. For compliance with existing applications not using SSL the verifyServerCertificate property is set to 'false'. You need either to explicitly disable SSL by setting useSSL=false, or set useSSL=true and provide truststore for server certificate verification.
Mon Apr 22 16:43:57 CST 2019 WARN: Establishing SSL connection without server's identity verification is not recommended. According to MySQL 5.5.45+, 5.6.26+ and 5.7.6+ requirements SSL connection must be established by default if explicit option isn't set. For compliance with existing applications not using SSL the verifyServerCertificate property is set to 'false'. You need either to explicitly disable SSL by setting useSSL=false, or set useSSL=true and provide truststore for server certificate verification.
Mon Apr 22 16:43:57 CST 2019 WARN: Establishing SSL connection without server's identity verification is not recommended. According to MySQL 5.5.45+, 5.6.26+ and 5.7.6+ requirements SSL connection must be established by default if explicit option isn't set. For compliance with existing applications not using SSL the verifyServerCertificate property is set to 'false'. You need either to explicitly disable SSL by setting useSSL=false, or set useSSL=true and provide truststore for server certificate verification.
Mon Apr 22 16:43:57 CST 2019 WARN: Establishing SSL connection without server's identity verification is not recommended. According to MySQL 5.5.45+, 5.6.26+ and 5.7.6+ requirements SSL connection must be established by default if explicit option isn't set. For compliance with existing applications not using SSL the verifyServerCertificate property is set to 'false'. You need either to explicitly disable SSL by setting useSSL=false, or set useSSL=true and provide truststore for server certificate verification.
Mon Apr 22 16:43:58 CST 2019 WARN: Establishing SSL connection without server's identity verification is not recommended. According to MySQL 5.5.45+, 5.6.26+ and 5.7.6+ requirements SSL connection must be established by default if explicit option isn't set. For compliance with existing applications not using SSL the verifyServerCertificate property is set to 'false'. You need either to explicitly disable SSL by setting useSSL=false, or set useSSL=true and provide truststore for server certificate verification.
Mon Apr 22 16:43:58 CST 2019 WARN: Establishing SSL connection without server's identity verification is not recommended. According to MySQL 5.5.45+, 5.6.26+ and 5.7.6+ requirements SSL connection must be established by default if explicit option isn't set. For compliance with existing applications not using SSL the verifyServerCertificate property is set to 'false'. You need either to explicitly disable SSL by setting useSSL=false, or set useSSL=true and provide truststore for server certificate verification.
Mon Apr 22 16:43:58 CST 2019 WARN: Establishing SSL connection without server's identity verification is not recommended. According to MySQL 5.5.45+, 5.6.26+ and 5.7.6+ requirements SSL connection must be established by default if explicit option isn't set. For compliance with existing applications not using SSL the verifyServerCertificate property is set to 'false'. You need either to explicitly disable SSL by setting useSSL=false, or set useSSL=true and provide truststore for server certificate verification.
Mon Apr 22 16:43:58 CST 2019 WARN: Establishing SSL connection without server's identity verification is not recommended. According to MySQL 5.5.45+, 5.6.26+ and 5.7.6+ requirements SSL connection must be established by default if explicit option isn't set. For compliance with existing applications not using SSL the verifyServerCertificate property is set to 'false'. You need either to explicitly disable SSL by setting useSSL=false, or set useSSL=true and provide truststore for server certificate verification.
]]></system-err>
  </testcase>
</testsuite>